[0.008s] Invoking command in '/home/stupid/lunabot_ws/build/lunabot': CMAKE_PREFIX_PATH=${CMAKE_PREFIX_PATH}:/opt/ros/humble /usr/bin/cmake /home/stupid/lunabot_ws/src/lunabot -DCMAKE_INSTALL_PREFIX=/home/stupid/lunabot_ws/install/lunabot
[0.014s] -- Found ament_cmake: 1.3.11 (/opt/ros/humble/share/ament_cmake/cmake)
[0.089s] -- Override CMake install command with custom implementation using symlinks instead of copying resources
[0.094s] -- Found rclcpp: 16.0.11 (/opt/ros/humble/share/rclcpp/cmake)
[0.240s] -- Found rosidl_generator_c: 3.1.6 (/opt/ros/humble/share/rosidl_generator_c/cmake)
[0.242s] -- Found rosidl_adapter: 3.1.6 (/opt/ros/humble/share/rosidl_adapter/cmake)
[0.246s] -- Found rosidl_generator_cpp: 3.1.6 (/opt/ros/humble/share/rosidl_generator_cpp/cmake)
[0.253s] -- Using all available rosidl_typesupport_c: rosidl_typesupport_fastrtps_c;rosidl_typesupport_introspection_c
[0.261s] -- Using all available rosidl_typesupport_cpp: rosidl_typesupport_fastrtps_cpp;rosidl_typesupport_introspection_cpp
[0.283s] -- Found rmw_implementation_cmake: 6.1.2 (/opt/ros/humble/share/rmw_implementation_cmake/cmake)
[0.284s] -- Found rmw_fastrtps_cpp: 6.2.7 (/opt/ros/humble/share/rmw_fastrtps_cpp/cmake)
[6.297s] -- Using RMW implementation 'rmw_fastrtps_cpp' as default
[6.332s] -- Found geometry_msgs: 4.2.4 (/opt/ros/humble/share/geometry_msgs/cmake)
[6.341s] -- Found nav2_msgs: 1.1.17 (/opt/ros/humble/share/nav2_msgs/cmake)
[6.385s] -- Found rosidl_default_generators: 1.2.0 (/opt/ros/humble/share/rosidl_default_generators/cmake)
[6.593s] -- Found ament_cmake_ros: 0.10.0 (/opt/ros/humble/share/ament_cmake_ros/cmake)
[6.868s] -- Using all available rosidl_typesupport_c: rosidl_typesupport_fastrtps_c;rosidl_typesupport_introspection_c
[6.977s] -- Using all available rosidl_typesupport_cpp: rosidl_typesupport_fastrtps_cpp;rosidl_typesupport_introspection_cpp
[6.992s] -- Found python_cmake_module: 0.10.0 (/opt/ros/humble/share/python_cmake_module/cmake)
[7.006s] -- Using PYTHON_EXECUTABLE: /usr/bin/python3
[7.006s] -- Using PYTHON_INCLUDE_DIRS: /usr/include/python3.10
[7.006s] -- Using PYTHON_LIBRARIES: /usr/lib/x86_64-linux-gnu/libpython3.10.so
[7.042s] -- Configuring done
[7.067s] -- Generating done
[7.076s] -- Build files have been written to: /home/stupid/lunabot_ws/build/lunabot
[7.082s] Invoked command in '/home/stupid/lunabot_ws/build/lunabot' returned '0': CMAKE_PREFIX_PATH=${CMAKE_PREFIX_PATH}:/opt/ros/humble /usr/bin/cmake /home/stupid/lunabot_ws/src/lunabot -DCMAKE_INSTALL_PREFIX=/home/stupid/lunabot_ws/install/lunabot
[7.084s] Invoking command in '/home/stupid/lunabot_ws/build/lunabot': CMAKE_PREFIX_PATH=${CMAKE_PREFIX_PATH}:/opt/ros/humble /usr/bin/cmake --build /home/stupid/lunabot_ws/build/lunabot -- -j20 -l20
[7.093s] /usr/bin/cmake -S/home/stupid/lunabot_ws/src/lunabot -B/home/stupid/lunabot_ws/build/lunabot --check-build-system CMakeFiles/Makefile.cmake 0
[7.099s] /usr/bin/cmake -E cmake_progress_start /home/stupid/lunabot_ws/build/lunabot/CMakeFiles /home/stupid/lunabot_ws/build/lunabot//CMakeFiles/progress.marks
[7.103s] /usr/bin/gmake  -f CMakeFiles/Makefile2 all
[7.104s] gmake[1]: Entering directory '/home/stupid/lunabot_ws/build/lunabot'
[7.104s] /usr/bin/gmake  -f CMakeFiles/lunabot__cpp.dir/build.make CMakeFiles/lunabot__cpp.dir/depend
[7.104s] /usr/bin/gmake  -f CMakeFiles/lunabot__rosidl_generator_c.dir/build.make CMakeFiles/lunabot__rosidl_generator_c.dir/depend
[7.104s] /usr/bin/gmake  -f CMakeFiles/ament_cmake_python_symlink_lunabot.dir/build.make CMakeFiles/ament_cmake_python_symlink_lunabot.dir/depend
[7.105s] gmake[2]: Entering directory '/home/stupid/lunabot_ws/build/lunabot'
[7.105s] cd /home/stupid/lunabot_ws/build/lunabot && /usr/bin/cmake -E cmake_depends "Unix Makefiles" /home/stupid/lunabot_ws/src/lunabot /home/stupid/lunabot_ws/src/lunabot /home/stupid/lunabot_ws/build/lunabot /home/stupid/lunabot_ws/build/lunabot /home/stupid/lunabot_ws/build/lunabot/CMakeFiles/lunabot__cpp.dir/DependInfo.cmake --color=
[7.105s] gmake[2]: Entering directory '/home/stupid/lunabot_ws/build/lunabot'
[7.105s] cd /home/stupid/lunabot_ws/build/lunabot && /usr/bin/cmake -E cmake_depends "Unix Makefiles" /home/stupid/lunabot_ws/src/lunabot /home/stupid/lunabot_ws/src/lunabot /home/stupid/lunabot_ws/build/lunabot /home/stupid/lunabot_ws/build/lunabot /home/stupid/lunabot_ws/build/lunabot/CMakeFiles/ament_cmake_python_symlink_lunabot.dir/DependInfo.cmake --color=
[7.105s] gmake[2]: Entering directory '/home/stupid/lunabot_ws/build/lunabot'
[7.105s] cd /home/stupid/lunabot_ws/build/lunabot && /usr/bin/cmake -E cmake_depends "Unix Makefiles" /home/stupid/lunabot_ws/src/lunabot /home/stupid/lunabot_ws/src/lunabot /home/stupid/lunabot_ws/build/lunabot /home/stupid/lunabot_ws/build/lunabot /home/stupid/lunabot_ws/build/lunabot/CMakeFiles/lunabot__rosidl_generator_c.dir/DependInfo.cmake --color=
[7.109s] Dependencies file "CMakeFiles/lunabot__rosidl_generator_c.dir/rosidl_generator_c/lunabot/action/detail/excavation__functions.c.o.d" is newer than depends file "/home/stupid/lunabot_ws/build/lunabot/CMakeFiles/lunabot__rosidl_generator_c.dir/compiler_depend.internal".
[7.109s] Dependencies file "CMakeFiles/lunabot__rosidl_generator_c.dir/rosidl_generator_c/lunabot/action/detail/localization__functions.c.o.d" is newer than depends file "/home/stupid/lunabot_ws/build/lunabot/CMakeFiles/lunabot__rosidl_generator_c.dir/compiler_depend.internal".
[7.109s] Dependencies file "CMakeFiles/lunabot__rosidl_generator_c.dir/rosidl_generator_c/lunabot/msg/detail/duty_cycle_output__functions.c.o.d" is newer than depends file "/home/stupid/lunabot_ws/build/lunabot/CMakeFiles/lunabot__rosidl_generator_c.dir/compiler_depend.internal".
[7.109s] [35m[1mConsolidate compiler generated dependencies of target lunabot__rosidl_generator_c[0m
[7.109s] gmake[2]: Leaving directory '/home/stupid/lunabot_ws/build/lunabot'
[7.110s] gmake[2]: Leaving directory '/home/stupid/lunabot_ws/build/lunabot'
[7.110s] /usr/bin/gmake  -f CMakeFiles/lunabot__cpp.dir/build.make CMakeFiles/lunabot__cpp.dir/build
[7.110s] /usr/bin/gmake  -f CMakeFiles/ament_cmake_python_symlink_lunabot.dir/build.make CMakeFiles/ament_cmake_python_symlink_lunabot.dir/build
[7.110s] gmake[2]: Leaving directory '/home/stupid/lunabot_ws/build/lunabot'
[7.110s] /usr/bin/gmake  -f CMakeFiles/lunabot__rosidl_generator_c.dir/build.make CMakeFiles/lunabot__rosidl_generator_c.dir/build
[7.110s] gmake[2]: Entering directory '/home/stupid/lunabot_ws/build/lunabot'
[7.110s] /usr/bin/cmake -E create_symlink /home/stupid/lunabot_ws/build/lunabot/rosidl_generator_py/lunabot /home/stupid/lunabot_ws/build/lunabot/ament_cmake_python/lunabot/lunabot
[7.111s] gmake[2]: Entering directory '/home/stupid/lunabot_ws/build/lunabot'
[7.111s] gmake[2]: Nothing to be done for 'CMakeFiles/lunabot__cpp.dir/build'.
[7.111s] gmake[2]: Leaving directory '/home/stupid/lunabot_ws/build/lunabot'
[7.111s] gmake[2]: Entering directory '/home/stupid/lunabot_ws/build/lunabot'
[7.111s] gmake[2]: Nothing to be done for 'CMakeFiles/lunabot__rosidl_generator_c.dir/build'.
[7.112s] gmake[2]: Leaving directory '/home/stupid/lunabot_ws/build/lunabot'
[7.114s] [  2%] Built target lunabot__cpp
[7.114s] gmake[2]: Leaving directory '/home/stupid/lunabot_ws/build/lunabot'
[7.115s] /usr/bin/gmake  -f CMakeFiles/lunabot__rosidl_typesupport_cpp.dir/build.make CMakeFiles/lunabot__rosidl_typesupport_cpp.dir/depend
[7.115s] /usr/bin/gmake  -f CMakeFiles/lunabot__rosidl_typesupport_fastrtps_cpp.dir/build.make CMakeFiles/lunabot__rosidl_typesupport_fastrtps_cpp.dir/depend
[7.115s] /usr/bin/gmake  -f CMakeFiles/lunabot__rosidl_typesupport_introspection_cpp.dir/build.make CMakeFiles/lunabot__rosidl_typesupport_introspection_cpp.dir/depend
[7.115s] [ 12%] Built target lunabot__rosidl_generator_c
[7.116s] /usr/bin/gmake  -f CMakeFiles/lunabot__rosidl_typesupport_fastrtps_c.dir/build.make CMakeFiles/lunabot__rosidl_typesupport_fastrtps_c.dir/depend
[7.116s] gmake[2]: Entering directory '/home/stupid/lunabot_ws/build/lunabot'
[7.116s] cd /home/stupid/lunabot_ws/build/lunabot && /usr/bin/cmake -E cmake_depends "Unix Makefiles" /home/stupid/lunabot_ws/src/lunabot /home/stupid/lunabot_ws/src/lunabot /home/stupid/lunabot_ws/build/lunabot /home/stupid/lunabot_ws/build/lunabot /home/stupid/lunabot_ws/build/lunabot/CMakeFiles/lunabot__rosidl_typesupport_cpp.dir/DependInfo.cmake --color=
[7.116s] /usr/bin/gmake  -f CMakeFiles/lunabot__rosidl_typesupport_introspection_c.dir/build.make CMakeFiles/lunabot__rosidl_typesupport_introspection_c.dir/depend
[7.116s] gmake[2]: Entering directory '/home/stupid/lunabot_ws/build/lunabot'
[7.116s] cd /home/stupid/lunabot_ws/build/lunabot && /usr/bin/cmake -E cmake_depends "Unix Makefiles" /home/stupid/lunabot_ws/src/lunabot /home/stupid/lunabot_ws/src/lunabot /home/stupid/lunabot_ws/build/lunabot /home/stupid/lunabot_ws/build/lunabot /home/stupid/lunabot_ws/build/lunabot/CMakeFiles/lunabot__rosidl_typesupport_fastrtps_cpp.dir/DependInfo.cmake --color=
[7.116s] /usr/bin/gmake  -f CMakeFiles/lunabot__rosidl_typesupport_c.dir/build.make CMakeFiles/lunabot__rosidl_typesupport_c.dir/depend
[7.116s] gmake[2]: Entering directory '/home/stupid/lunabot_ws/build/lunabot'
[7.116s] cd /home/stupid/lunabot_ws/build/lunabot && /usr/bin/cmake -E cmake_depends "Unix Makefiles" /home/stupid/lunabot_ws/src/lunabot /home/stupid/lunabot_ws/src/lunabot /home/stupid/lunabot_ws/build/lunabot /home/stupid/lunabot_ws/build/lunabot /home/stupid/lunabot_ws/build/lunabot/CMakeFiles/lunabot__rosidl_typesupport_introspection_cpp.dir/DependInfo.cmake --color=
[7.117s] gmake[2]: Entering directory '/home/stupid/lunabot_ws/build/lunabot'
[7.117s] cd /home/stupid/lunabot_ws/build/lunabot && /usr/bin/cmake -E cmake_depends "Unix Makefiles" /home/stupid/lunabot_ws/src/lunabot /home/stupid/lunabot_ws/src/lunabot /home/stupid/lunabot_ws/build/lunabot /home/stupid/lunabot_ws/build/lunabot /home/stupid/lunabot_ws/build/lunabot/CMakeFiles/lunabot__rosidl_typesupport_fastrtps_c.dir/DependInfo.cmake --color=
[7.117s] gmake[2]: Entering directory '/home/stupid/lunabot_ws/build/lunabot'
[7.117s] cd /home/stupid/lunabot_ws/build/lunabot && /usr/bin/cmake -E cmake_depends "Unix Makefiles" /home/stupid/lunabot_ws/src/lunabot /home/stupid/lunabot_ws/src/lunabot /home/stupid/lunabot_ws/build/lunabot /home/stupid/lunabot_ws/build/lunabot /home/stupid/lunabot_ws/build/lunabot/CMakeFiles/lunabot__rosidl_typesupport_introspection_c.dir/DependInfo.cmake --color=
[7.117s] gmake[2]: Entering directory '/home/stupid/lunabot_ws/build/lunabot'
[7.117s] cd /home/stupid/lunabot_ws/build/lunabot && /usr/bin/cmake -E cmake_depends "Unix Makefiles" /home/stupid/lunabot_ws/src/lunabot /home/stupid/lunabot_ws/src/lunabot /home/stupid/lunabot_ws/build/lunabot /home/stupid/lunabot_ws/build/lunabot /home/stupid/lunabot_ws/build/lunabot/CMakeFiles/lunabot__rosidl_typesupport_c.dir/DependInfo.cmake --color=
[7.119s] [ 12%] Built target ament_cmake_python_symlink_lunabot
[7.119s] /usr/bin/gmake  -f CMakeFiles/ament_cmake_python_build_lunabot_egg.dir/build.make CMakeFiles/ament_cmake_python_build_lunabot_egg.dir/depend
[7.120s] Dependencies file "CMakeFiles/lunabot__rosidl_typesupport_cpp.dir/rosidl_typesupport_cpp/lunabot/action/excavation__type_support.cpp.o.d" is newer than depends file "/home/stupid/lunabot_ws/build/lunabot/CMakeFiles/lunabot__rosidl_typesupport_cpp.dir/compiler_depend.internal".
[7.120s] gmake[2]: Entering directory '/home/stupid/lunabot_ws/build/lunabot'
[7.120s] cd /home/stupid/lunabot_ws/build/lunabot && /usr/bin/cmake -E cmake_depends "Unix Makefiles" /home/stupid/lunabot_ws/src/lunabot /home/stupid/lunabot_ws/src/lunabot /home/stupid/lunabot_ws/build/lunabot /home/stupid/lunabot_ws/build/lunabot /home/stupid/lunabot_ws/build/lunabot/CMakeFiles/ament_cmake_python_build_lunabot_egg.dir/DependInfo.cmake --color=
[7.120s] Dependencies file "CMakeFiles/lunabot__rosidl_typesupport_cpp.dir/rosidl_typesupport_cpp/lunabot/action/localization__type_support.cpp.o.d" is newer than depends file "/home/stupid/lunabot_ws/build/lunabot/CMakeFiles/lunabot__rosidl_typesupport_cpp.dir/compiler_depend.internal".
[7.120s] Dependencies file "CMakeFiles/lunabot__rosidl_typesupport_cpp.dir/rosidl_typesupport_cpp/lunabot/msg/duty_cycle_output__type_support.cpp.o.d" is newer than depends file "/home/stupid/lunabot_ws/build/lunabot/CMakeFiles/lunabot__rosidl_typesupport_cpp.dir/compiler_depend.internal".
[7.120s] [35m[1mConsolidate compiler generated dependencies of target lunabot__rosidl_typesupport_cpp[0m
[7.121s] Dependencies file "CMakeFiles/lunabot__rosidl_typesupport_c.dir/rosidl_typesupport_c/lunabot/action/excavation__type_support.cpp.o.d" is newer than depends file "/home/stupid/lunabot_ws/build/lunabot/CMakeFiles/lunabot__rosidl_typesupport_c.dir/compiler_depend.internal".
[7.121s] Dependencies file "CMakeFiles/lunabot__rosidl_typesupport_introspection_c.dir/rosidl_typesupport_introspection_c/lunabot/action/detail/excavation__type_support.c.o.d" is newer than depends file "/home/stupid/lunabot_ws/build/lunabot/CMakeFiles/lunabot__rosidl_typesupport_introspection_c.dir/compiler_depend.internal".
[7.121s] Dependencies file "CMakeFiles/lunabot__rosidl_typesupport_fastrtps_c.dir/rosidl_typesupport_fastrtps_c/lunabot/action/detail/excavation__type_support_c.cpp.o.d" is newer than depends file "/home/stupid/lunabot_ws/build/lunabot/CMakeFiles/lunabot__rosidl_typesupport_fastrtps_c.dir/compiler_depend.internal".
[7.121s] Dependencies file "CMakeFiles/lunabot__rosidl_typesupport_introspection_c.dir/rosidl_typesupport_introspection_c/lunabot/action/detail/localization__type_support.c.o.d" is newer than depends file "/home/stupid/lunabot_ws/build/lunabot/CMakeFiles/lunabot__rosidl_typesupport_introspection_c.dir/compiler_depend.internal".
[7.121s] Dependencies file "CMakeFiles/lunabot__rosidl_typesupport_c.dir/rosidl_typesupport_c/lunabot/action/localization__type_support.cpp.o.d" is newer than depends file "/home/stupid/lunabot_ws/build/lunabot/CMakeFiles/lunabot__rosidl_typesupport_c.dir/compiler_depend.internal".
[7.122s] Dependencies file "CMakeFiles/lunabot__rosidl_typesupport_fastrtps_c.dir/rosidl_typesupport_fastrtps_c/lunabot/action/detail/localization__type_support_c.cpp.o.d" is newer than depends file "/home/stupid/lunabot_ws/build/lunabot/CMakeFiles/lunabot__rosidl_typesupport_fastrtps_c.dir/compiler_depend.internal".
[7.122s] Dependencies file "CMakeFiles/lunabot__rosidl_typesupport_introspection_c.dir/rosidl_typesupport_introspection_c/lunabot/msg/detail/duty_cycle_output__type_support.c.o.d" is newer than depends file "/home/stupid/lunabot_ws/build/lunabot/CMakeFiles/lunabot__rosidl_typesupport_introspection_c.dir/compiler_depend.internal".
[7.122s] Dependencies file "CMakeFiles/lunabot__rosidl_typesupport_c.dir/rosidl_typesupport_c/lunabot/msg/duty_cycle_output__type_support.cpp.o.d" is newer than depends file "/home/stupid/lunabot_ws/build/lunabot/CMakeFiles/lunabot__rosidl_typesupport_c.dir/compiler_depend.internal".
[7.122s] [35m[1mConsolidate compiler generated dependencies of target lunabot__rosidl_typesupport_introspection_c[0m
[7.122s] [35m[1mConsolidate compiler generated dependencies of target lunabot__rosidl_typesupport_c[0m
[7.122s] Dependencies file "CMakeFiles/lunabot__rosidl_typesupport_fastrtps_c.dir/rosidl_typesupport_fastrtps_c/lunabot/msg/detail/duty_cycle_output__type_support_c.cpp.o.d" is newer than depends file "/home/stupid/lunabot_ws/build/lunabot/CMakeFiles/lunabot__rosidl_typesupport_fastrtps_c.dir/compiler_depend.internal".
[7.122s] [35m[1mConsolidate compiler generated dependencies of target lunabot__rosidl_typesupport_fastrtps_c[0m
[7.123s] Dependencies file "CMakeFiles/lunabot__rosidl_typesupport_fastrtps_cpp.dir/rosidl_typesupport_fastrtps_cpp/lunabot/action/detail/dds_fastrtps/excavation__type_support.cpp.o.d" is newer than depends file "/home/stupid/lunabot_ws/build/lunabot/CMakeFiles/lunabot__rosidl_typesupport_fastrtps_cpp.dir/compiler_depend.internal".
[7.123s] Dependencies file "CMakeFiles/lunabot__rosidl_typesupport_introspection_cpp.dir/rosidl_typesupport_introspection_cpp/lunabot/action/detail/excavation__type_support.cpp.o.d" is newer than depends file "/home/stupid/lunabot_ws/build/lunabot/CMakeFiles/lunabot__rosidl_typesupport_introspection_cpp.dir/compiler_depend.internal".
[7.123s] Dependencies file "CMakeFiles/lunabot__rosidl_typesupport_introspection_cpp.dir/rosidl_typesupport_introspection_cpp/lunabot/action/detail/localization__type_support.cpp.o.d" is newer than depends file "/home/stupid/lunabot_ws/build/lunabot/CMakeFiles/lunabot__rosidl_typesupport_introspection_cpp.dir/compiler_depend.internal".
[7.123s] Dependencies file "CMakeFiles/lunabot__rosidl_typesupport_fastrtps_cpp.dir/rosidl_typesupport_fastrtps_cpp/lunabot/action/detail/dds_fastrtps/localization__type_support.cpp.o.d" is newer than depends file "/home/stupid/lunabot_ws/build/lunabot/CMakeFiles/lunabot__rosidl_typesupport_fastrtps_cpp.dir/compiler_depend.internal".
[7.123s] Dependencies file "CMakeFiles/lunabot__rosidl_typesupport_introspection_cpp.dir/rosidl_typesupport_introspection_cpp/lunabot/msg/detail/duty_cycle_output__type_support.cpp.o.d" is newer than depends file "/home/stupid/lunabot_ws/build/lunabot/CMakeFiles/lunabot__rosidl_typesupport_introspection_cpp.dir/compiler_depend.internal".
[7.123s] Dependencies file "CMakeFiles/lunabot__rosidl_typesupport_fastrtps_cpp.dir/rosidl_typesupport_fastrtps_cpp/lunabot/msg/detail/dds_fastrtps/duty_cycle_output__type_support.cpp.o.d" is newer than depends file "/home/stupid/lunabot_ws/build/lunabot/CMakeFiles/lunabot__rosidl_typesupport_fastrtps_cpp.dir/compiler_depend.internal".
[7.123s] [35m[1mConsolidate compiler generated dependencies of target lunabot__rosidl_typesupport_introspection_cpp[0m
[7.123s] [35m[1mConsolidate compiler generated dependencies of target lunabot__rosidl_typesupport_fastrtps_cpp[0m
[7.123s] gmake[2]: Leaving directory '/home/stupid/lunabot_ws/build/lunabot'
[7.123s] gmake[2]: Leaving directory '/home/stupid/lunabot_ws/build/lunabot'
[7.123s] gmake[2]: Leaving directory '/home/stupid/lunabot_ws/build/lunabot'
[7.123s] /usr/bin/gmake  -f CMakeFiles/lunabot__rosidl_typesupport_introspection_c.dir/build.make CMakeFiles/lunabot__rosidl_typesupport_introspection_c.dir/build
[7.123s] /usr/bin/gmake  -f CMakeFiles/lunabot__rosidl_typesupport_cpp.dir/build.make CMakeFiles/lunabot__rosidl_typesupport_cpp.dir/build
[7.123s] /usr/bin/gmake  -f CMakeFiles/lunabot__rosidl_typesupport_c.dir/build.make CMakeFiles/lunabot__rosidl_typesupport_c.dir/build
[7.124s] gmake[2]: Leaving directory '/home/stupid/lunabot_ws/build/lunabot'
[7.124s] /usr/bin/gmake  -f CMakeFiles/lunabot__rosidl_typesupport_fastrtps_c.dir/build.make CMakeFiles/lunabot__rosidl_typesupport_fastrtps_c.dir/build
[7.124s] gmake[2]: Entering directory '/home/stupid/lunabot_ws/build/lunabot'
[7.124s] gmake[2]: Nothing to be done for 'CMakeFiles/lunabot__rosidl_typesupport_introspection_c.dir/build'.
[7.124s] gmake[2]: Leaving directory '/home/stupid/lunabot_ws/build/lunabot'
[7.124s] gmake[2]: Entering directory '/home/stupid/lunabot_ws/build/lunabot'
[7.124s] gmake[2]: Nothing to be done for 'CMakeFiles/lunabot__rosidl_typesupport_c.dir/build'.
[7.124s] gmake[2]: Leaving directory '/home/stupid/lunabot_ws/build/lunabot'
[7.124s] gmake[2]: Entering directory '/home/stupid/lunabot_ws/build/lunabot'
[7.125s] gmake[2]: Nothing to be done for 'CMakeFiles/lunabot__rosidl_typesupport_cpp.dir/build'.
[7.125s] gmake[2]: Leaving directory '/home/stupid/lunabot_ws/build/lunabot'
[7.125s] gmake[2]: Leaving directory '/home/stupid/lunabot_ws/build/lunabot'
[7.125s] /usr/bin/gmake  -f CMakeFiles/ament_cmake_python_build_lunabot_egg.dir/build.make CMakeFiles/ament_cmake_python_build_lunabot_egg.dir/build
[7.125s] gmake[2]: Leaving directory '/home/stupid/lunabot_ws/build/lunabot'
[7.125s] /usr/bin/gmake  -f CMakeFiles/lunabot__rosidl_typesupport_introspection_cpp.dir/build.make CMakeFiles/lunabot__rosidl_typesupport_introspection_cpp.dir/build
[7.126s] gmake[2]: Entering directory '/home/stupid/lunabot_ws/build/lunabot'
[7.126s] gmake[2]: Nothing to be done for 'CMakeFiles/lunabot__rosidl_typesupport_fastrtps_c.dir/build'.
[7.126s] gmake[2]: Leaving directory '/home/stupid/lunabot_ws/build/lunabot'
[7.126s] gmake[2]: Leaving directory '/home/stupid/lunabot_ws/build/lunabot'
[7.126s] gmake[2]: Entering directory '/home/stupid/lunabot_ws/build/lunabot'
[7.126s] cd /home/stupid/lunabot_ws/build/lunabot/ament_cmake_python/lunabot && /usr/bin/python3 setup.py egg_info
[7.126s] /usr/bin/gmake  -f CMakeFiles/lunabot__rosidl_typesupport_fastrtps_cpp.dir/build.make CMakeFiles/lunabot__rosidl_typesupport_fastrtps_cpp.dir/build
[7.127s] gmake[2]: Entering directory '/home/stupid/lunabot_ws/build/lunabot'
[7.127s] gmake[2]: Nothing to be done for 'CMakeFiles/lunabot__rosidl_typesupport_introspection_cpp.dir/build'.
[7.127s] gmake[2]: Leaving directory '/home/stupid/lunabot_ws/build/lunabot'
[7.128s] gmake[2]: Entering directory '/home/stupid/lunabot_ws/build/lunabot'
[7.128s] gmake[2]: Nothing to be done for 'CMakeFiles/lunabot__rosidl_typesupport_fastrtps_cpp.dir/build'.
[7.128s] gmake[2]: Leaving directory '/home/stupid/lunabot_ws/build/lunabot'
[7.128s] [ 23%] Built target lunabot__rosidl_typesupport_c
[7.129s] [ 34%] Built target lunabot__rosidl_typesupport_introspection_c
[7.129s] [ 48%] Built target lunabot__rosidl_typesupport_fastrtps_c
[7.129s] [ 55%] Built target lunabot__rosidl_typesupport_cpp
[7.131s] [ 65%] Built target lunabot__rosidl_typesupport_introspection_cpp
[7.132s] [ 76%] Built target lunabot__rosidl_typesupport_fastrtps_cpp
[7.132s] /usr/bin/gmake  -f CMakeFiles/lunabot.dir/build.make CMakeFiles/lunabot.dir/depend
[7.133s] gmake[2]: Entering directory '/home/stupid/lunabot_ws/build/lunabot'
[7.133s] cd /home/stupid/lunabot_ws/build/lunabot && /usr/bin/cmake -E cmake_depends "Unix Makefiles" /home/stupid/lunabot_ws/src/lunabot /home/stupid/lunabot_ws/src/lunabot /home/stupid/lunabot_ws/build/lunabot /home/stupid/lunabot_ws/build/lunabot /home/stupid/lunabot_ws/build/lunabot/CMakeFiles/lunabot.dir/DependInfo.cmake --color=
[7.137s] gmake[2]: Leaving directory '/home/stupid/lunabot_ws/build/lunabot'
[7.138s] /usr/bin/gmake  -f CMakeFiles/lunabot.dir/build.make CMakeFiles/lunabot.dir/build
[7.138s] gmake[2]: Entering directory '/home/stupid/lunabot_ws/build/lunabot'
[7.138s] gmake[2]: Nothing to be done for 'CMakeFiles/lunabot.dir/build'.
[7.138s] gmake[2]: Leaving directory '/home/stupid/lunabot_ws/build/lunabot'
[7.142s] [ 76%] Built target lunabot
[7.143s] /usr/bin/gmake  -f lunabot__py/CMakeFiles/lunabot__py.dir/build.make lunabot__py/CMakeFiles/lunabot__py.dir/depend
[7.144s] gmake[2]: Entering directory '/home/stupid/lunabot_ws/build/lunabot'
[7.144s] cd /home/stupid/lunabot_ws/build/lunabot && /usr/bin/cmake -E cmake_depends "Unix Makefiles" /home/stupid/lunabot_ws/src/lunabot /home/stupid/lunabot_ws/build/lunabot/lunabot__py /home/stupid/lunabot_ws/build/lunabot /home/stupid/lunabot_ws/build/lunabot/lunabot__py /home/stupid/lunabot_ws/build/lunabot/lunabot__py/CMakeFiles/lunabot__py.dir/DependInfo.cmake --color=
[7.148s] gmake[2]: Leaving directory '/home/stupid/lunabot_ws/build/lunabot'
[7.148s] /usr/bin/gmake  -f lunabot__py/CMakeFiles/lunabot__py.dir/build.make lunabot__py/CMakeFiles/lunabot__py.dir/build
[7.149s] gmake[2]: Entering directory '/home/stupid/lunabot_ws/build/lunabot'
[7.149s] gmake[2]: Nothing to be done for 'lunabot__py/CMakeFiles/lunabot__py.dir/build'.
[7.149s] gmake[2]: Leaving directory '/home/stupid/lunabot_ws/build/lunabot'
[7.153s] [ 78%] Built target lunabot__py
[7.154s] /usr/bin/gmake  -f CMakeFiles/lunabot__rosidl_generator_py.dir/build.make CMakeFiles/lunabot__rosidl_generator_py.dir/depend
[7.155s] gmake[2]: Entering directory '/home/stupid/lunabot_ws/build/lunabot'
[7.155s] cd /home/stupid/lunabot_ws/build/lunabot && /usr/bin/cmake -E cmake_depends "Unix Makefiles" /home/stupid/lunabot_ws/src/lunabot /home/stupid/lunabot_ws/src/lunabot /home/stupid/lunabot_ws/build/lunabot /home/stupid/lunabot_ws/build/lunabot /home/stupid/lunabot_ws/build/lunabot/CMakeFiles/lunabot__rosidl_generator_py.dir/DependInfo.cmake --color=
[7.159s] Dependencies file "CMakeFiles/lunabot__rosidl_generator_py.dir/rosidl_generator_py/lunabot/action/_excavation_s.c.o.d" is newer than depends file "/home/stupid/lunabot_ws/build/lunabot/CMakeFiles/lunabot__rosidl_generator_py.dir/compiler_depend.internal".
[7.159s] Dependencies file "CMakeFiles/lunabot__rosidl_generator_py.dir/rosidl_generator_py/lunabot/action/_localization_s.c.o.d" is newer than depends file "/home/stupid/lunabot_ws/build/lunabot/CMakeFiles/lunabot__rosidl_generator_py.dir/compiler_depend.internal".
[7.159s] Dependencies file "CMakeFiles/lunabot__rosidl_generator_py.dir/rosidl_generator_py/lunabot/msg/_duty_cycle_output_s.c.o.d" is newer than depends file "/home/stupid/lunabot_ws/build/lunabot/CMakeFiles/lunabot__rosidl_generator_py.dir/compiler_depend.internal".
[7.159s] [35m[1mConsolidate compiler generated dependencies of target lunabot__rosidl_generator_py[0m
[7.161s] gmake[2]: Leaving directory '/home/stupid/lunabot_ws/build/lunabot'
[7.161s] /usr/bin/gmake  -f CMakeFiles/lunabot__rosidl_generator_py.dir/build.make CMakeFiles/lunabot__rosidl_generator_py.dir/build
[7.163s] gmake[2]: Entering directory '/home/stupid/lunabot_ws/build/lunabot'
[7.163s] gmake[2]: Nothing to be done for 'CMakeFiles/lunabot__rosidl_generator_py.dir/build'.
[7.163s] gmake[2]: Leaving directory '/home/stupid/lunabot_ws/build/lunabot'
[7.167s] [ 87%] Built target lunabot__rosidl_generator_py
[7.167s] /usr/bin/gmake  -f CMakeFiles/lunabot__rosidl_typesupport_fastrtps_c__pyext.dir/build.make CMakeFiles/lunabot__rosidl_typesupport_fastrtps_c__pyext.dir/depend
[7.168s] /usr/bin/gmake  -f CMakeFiles/lunabot__rosidl_typesupport_introspection_c__pyext.dir/build.make CMakeFiles/lunabot__rosidl_typesupport_introspection_c__pyext.dir/depend
[7.168s] /usr/bin/gmake  -f CMakeFiles/lunabot__rosidl_typesupport_c__pyext.dir/build.make CMakeFiles/lunabot__rosidl_typesupport_c__pyext.dir/depend
[7.168s] gmake[2]: Entering directory '/home/stupid/lunabot_ws/build/lunabot'
[7.168s] cd /home/stupid/lunabot_ws/build/lunabot && /usr/bin/cmake -E cmake_depends "Unix Makefiles" /home/stupid/lunabot_ws/src/lunabot /home/stupid/lunabot_ws/src/lunabot /home/stupid/lunabot_ws/build/lunabot /home/stupid/lunabot_ws/build/lunabot /home/stupid/lunabot_ws/build/lunabot/CMakeFiles/lunabot__rosidl_typesupport_fastrtps_c__pyext.dir/DependInfo.cmake --color=
[7.169s] gmake[2]: Entering directory '/home/stupid/lunabot_ws/build/lunabot'
[7.169s] cd /home/stupid/lunabot_ws/build/lunabot && /usr/bin/cmake -E cmake_depends "Unix Makefiles" /home/stupid/lunabot_ws/src/lunabot /home/stupid/lunabot_ws/src/lunabot /home/stupid/lunabot_ws/build/lunabot /home/stupid/lunabot_ws/build/lunabot /home/stupid/lunabot_ws/build/lunabot/CMakeFiles/lunabot__rosidl_typesupport_introspection_c__pyext.dir/DependInfo.cmake --color=
[7.169s] gmake[2]: Entering directory '/home/stupid/lunabot_ws/build/lunabot'
[7.169s] cd /home/stupid/lunabot_ws/build/lunabot && /usr/bin/cmake -E cmake_depends "Unix Makefiles" /home/stupid/lunabot_ws/src/lunabot /home/stupid/lunabot_ws/src/lunabot /home/stupid/lunabot_ws/build/lunabot /home/stupid/lunabot_ws/build/lunabot /home/stupid/lunabot_ws/build/lunabot/CMakeFiles/lunabot__rosidl_typesupport_c__pyext.dir/DependInfo.cmake --color=
[7.173s] Dependencies file "CMakeFiles/lunabot__rosidl_typesupport_c__pyext.dir/rosidl_generator_py/lunabot/_lunabot_s.ep.rosidl_typesupport_c.c.o.d" is newer than depends file "/home/stupid/lunabot_ws/build/lunabot/CMakeFiles/lunabot__rosidl_typesupport_c__pyext.dir/compiler_depend.internal".
[7.173s] Dependencies file "CMakeFiles/lunabot__rosidl_typesupport_introspection_c__pyext.dir/rosidl_generator_py/lunabot/_lunabot_s.ep.rosidl_typesupport_introspection_c.c.o.d" is newer than depends file "/home/stupid/lunabot_ws/build/lunabot/CMakeFiles/lunabot__rosidl_typesupport_introspection_c__pyext.dir/compiler_depend.internal".
[7.173s] Dependencies file "CMakeFiles/lunabot__rosidl_typesupport_fastrtps_c__pyext.dir/rosidl_generator_py/lunabot/_lunabot_s.ep.rosidl_typesupport_fastrtps_c.c.o.d" is newer than depends file "/home/stupid/lunabot_ws/build/lunabot/CMakeFiles/lunabot__rosidl_typesupport_fastrtps_c__pyext.dir/compiler_depend.internal".
[7.173s] [35m[1mConsolidate compiler generated dependencies of target lunabot__rosidl_typesupport_introspection_c__pyext[0m
[7.173s] [35m[1mConsolidate compiler generated dependencies of target lunabot__rosidl_typesupport_c__pyext[0m
[7.173s] [35m[1mConsolidate compiler generated dependencies of target lunabot__rosidl_typesupport_fastrtps_c__pyext[0m
[7.175s] gmake[2]: Leaving directory '/home/stupid/lunabot_ws/build/lunabot'
[7.175s] gmake[2]: Leaving directory '/home/stupid/lunabot_ws/build/lunabot'
[7.175s] gmake[2]: Leaving directory '/home/stupid/lunabot_ws/build/lunabot'
[7.175s] /usr/bin/gmake  -f CMakeFiles/lunabot__rosidl_typesupport_introspection_c__pyext.dir/build.make CMakeFiles/lunabot__rosidl_typesupport_introspection_c__pyext.dir/build
[7.175s] /usr/bin/gmake  -f CMakeFiles/lunabot__rosidl_typesupport_fastrtps_c__pyext.dir/build.make CMakeFiles/lunabot__rosidl_typesupport_fastrtps_c__pyext.dir/build
[7.175s] /usr/bin/gmake  -f CMakeFiles/lunabot__rosidl_typesupport_c__pyext.dir/build.make CMakeFiles/lunabot__rosidl_typesupport_c__pyext.dir/build
[7.176s] gmake[2]: Entering directory '/home/stupid/lunabot_ws/build/lunabot'
[7.176s] gmake[2]: Nothing to be done for 'CMakeFiles/lunabot__rosidl_typesupport_introspection_c__pyext.dir/build'.
[7.176s] gmake[2]: Leaving directory '/home/stupid/lunabot_ws/build/lunabot'
[7.176s] gmake[2]: Entering directory '/home/stupid/lunabot_ws/build/lunabot'
[7.177s] gmake[2]: Nothing to be done for 'CMakeFiles/lunabot__rosidl_typesupport_fastrtps_c__pyext.dir/build'.
[7.177s] gmake[2]: Leaving directory '/home/stupid/lunabot_ws/build/lunabot'
[7.177s] gmake[2]: Entering directory '/home/stupid/lunabot_ws/build/lunabot'
[7.177s] gmake[2]: Nothing to be done for 'CMakeFiles/lunabot__rosidl_typesupport_c__pyext.dir/build'.
[7.177s] gmake[2]: Leaving directory '/home/stupid/lunabot_ws/build/lunabot'
[7.180s] [100%] Built target lunabot__rosidl_typesupport_introspection_c__pyext
[7.180s] [100%] Built target lunabot__rosidl_typesupport_fastrtps_c__pyext
[7.181s] [100%] Built target lunabot__rosidl_typesupport_c__pyext
[7.290s] running egg_info
[7.290s] writing lunabot.egg-info/PKG-INFO
[7.290s] writing dependency_links to lunabot.egg-info/dependency_links.txt
[7.291s] writing top-level names to lunabot.egg-info/top_level.txt
[7.292s] reading manifest file 'lunabot.egg-info/SOURCES.txt'
[7.292s] writing manifest file 'lunabot.egg-info/SOURCES.txt'
[7.303s] gmake[2]: Leaving directory '/home/stupid/lunabot_ws/build/lunabot'
[7.307s] [100%] Built target ament_cmake_python_build_lunabot_egg
[7.308s] gmake[1]: Leaving directory '/home/stupid/lunabot_ws/build/lunabot'
[7.308s] /usr/bin/cmake -E cmake_progress_start /home/stupid/lunabot_ws/build/lunabot/CMakeFiles 0
[7.314s] Invoked command in '/home/stupid/lunabot_ws/build/lunabot' returned '0': CMAKE_PREFIX_PATH=${CMAKE_PREFIX_PATH}:/opt/ros/humble /usr/bin/cmake --build /home/stupid/lunabot_ws/build/lunabot -- -j20 -l20
[7.320s] Invoking command in '/home/stupid/lunabot_ws/build/lunabot': CMAKE_PREFIX_PATH=${CMAKE_PREFIX_PATH}:/opt/ros/humble /usr/bin/cmake --install /home/stupid/lunabot_ws/build/lunabot
[7.324s] -- Install configuration: ""
[7.324s] -- Execute custom install script
[7.324s] -- Up-to-date symlink: /home/stupid/lunabot_ws/install/lunabot/share/ament_index/resource_index/rosidl_interfaces/lunabot
[7.325s] -- Up-to-date symlink: /home/stupid/lunabot_ws/install/lunabot/include/lunabot/lunabot/action/detail/excavation__functions.h
[7.325s] -- Up-to-date symlink: /home/stupid/lunabot_ws/install/lunabot/include/lunabot/lunabot/action/detail/excavation__struct.h
[7.325s] -- Up-to-date symlink: /home/stupid/lunabot_ws/install/lunabot/include/lunabot/lunabot/action/detail/excavation__type_support.h
[7.325s] -- Up-to-date symlink: /home/stupid/lunabot_ws/install/lunabot/include/lunabot/lunabot/action/detail/localization__functions.h
[7.325s] -- Up-to-date symlink: /home/stupid/lunabot_ws/install/lunabot/include/lunabot/lunabot/action/detail/localization__struct.h
[7.325s] -- Up-to-date symlink: /home/stupid/lunabot_ws/install/lunabot/include/lunabot/lunabot/action/detail/localization__type_support.h
[7.325s] -- Up-to-date symlink: /home/stupid/lunabot_ws/install/lunabot/include/lunabot/lunabot/action/excavation.h
[7.325s] -- Up-to-date symlink: /home/stupid/lunabot_ws/install/lunabot/include/lunabot/lunabot/action/localization.h
[7.325s] -- Up-to-date symlink: /home/stupid/lunabot_ws/install/lunabot/include/lunabot/lunabot/msg/detail/duty_cycle_output__functions.h
[7.326s] -- Up-to-date symlink: /home/stupid/lunabot_ws/install/lunabot/include/lunabot/lunabot/msg/detail/duty_cycle_output__struct.h
[7.326s] -- Up-to-date symlink: /home/stupid/lunabot_ws/install/lunabot/include/lunabot/lunabot/msg/detail/duty_cycle_output__type_support.h
[7.326s] -- Up-to-date symlink: /home/stupid/lunabot_ws/install/lunabot/include/lunabot/lunabot/msg/duty_cycle_output.h
[7.326s] -- Up-to-date symlink: /home/stupid/lunabot_ws/install/lunabot/include/lunabot/lunabot/msg/rosidl_generator_c__visibility_control.h
[7.326s] -- Up-to-date symlink: /home/stupid/lunabot_ws/install/lunabot/share/lunabot/environment/library_path.sh
[7.326s] -- Up-to-date symlink: /home/stupid/lunabot_ws/install/lunabot/share/lunabot/environment/library_path.dsv
[7.326s] -- Up-to-date symlink: /home/stupid/lunabot_ws/install/lunabot/include/lunabot/lunabot/action/detail/excavation__rosidl_typesupport_fastrtps_c.h
[7.326s] -- Up-to-date symlink: /home/stupid/lunabot_ws/install/lunabot/include/lunabot/lunabot/action/detail/localization__rosidl_typesupport_fastrtps_c.h
[7.326s] -- Up-to-date symlink: /home/stupid/lunabot_ws/install/lunabot/include/lunabot/lunabot/msg/detail/duty_cycle_output__rosidl_typesupport_fastrtps_c.h
[7.327s] -- Up-to-date symlink: /home/stupid/lunabot_ws/install/lunabot/include/lunabot/lunabot/msg/rosidl_typesupport_fastrtps_c__visibility_control.h
[7.327s] -- Up-to-date symlink: /home/stupid/lunabot_ws/install/lunabot/include/lunabot/lunabot/action/detail/excavation__builder.hpp
[7.327s] -- Up-to-date symlink: /home/stupid/lunabot_ws/install/lunabot/include/lunabot/lunabot/action/detail/excavation__struct.hpp
[7.327s] -- Up-to-date symlink: /home/stupid/lunabot_ws/install/lunabot/include/lunabot/lunabot/action/detail/excavation__traits.hpp
[7.328s] -- Up-to-date symlink: /home/stupid/lunabot_ws/install/lunabot/include/lunabot/lunabot/action/detail/excavation__type_support.hpp
[7.328s] -- Up-to-date symlink: /home/stupid/lunabot_ws/install/lunabot/include/lunabot/lunabot/action/detail/localization__builder.hpp
[7.328s] -- Up-to-date symlink: /home/stupid/lunabot_ws/install/lunabot/include/lunabot/lunabot/action/detail/localization__struct.hpp
[7.328s] -- Up-to-date symlink: /home/stupid/lunabot_ws/install/lunabot/include/lunabot/lunabot/action/detail/localization__traits.hpp
[7.328s] -- Up-to-date symlink: /home/stupid/lunabot_ws/install/lunabot/include/lunabot/lunabot/action/detail/localization__type_support.hpp
[7.328s] -- Up-to-date symlink: /home/stupid/lunabot_ws/install/lunabot/include/lunabot/lunabot/action/excavation.hpp
[7.328s] -- Up-to-date symlink: /home/stupid/lunabot_ws/install/lunabot/include/lunabot/lunabot/action/localization.hpp
[7.328s] -- Up-to-date symlink: /home/stupid/lunabot_ws/install/lunabot/include/lunabot/lunabot/msg/detail/duty_cycle_output__builder.hpp
[7.328s] -- Up-to-date symlink: /home/stupid/lunabot_ws/install/lunabot/include/lunabot/lunabot/msg/detail/duty_cycle_output__struct.hpp
[7.328s] -- Up-to-date symlink: /home/stupid/lunabot_ws/install/lunabot/include/lunabot/lunabot/msg/detail/duty_cycle_output__traits.hpp
[7.328s] -- Up-to-date symlink: /home/stupid/lunabot_ws/install/lunabot/include/lunabot/lunabot/msg/detail/duty_cycle_output__type_support.hpp
[7.329s] -- Up-to-date symlink: /home/stupid/lunabot_ws/install/lunabot/include/lunabot/lunabot/msg/duty_cycle_output.hpp
[7.329s] -- Up-to-date symlink: /home/stupid/lunabot_ws/install/lunabot/include/lunabot/lunabot/msg/rosidl_generator_cpp__visibility_control.hpp
[7.329s] -- Up-to-date symlink: /home/stupid/lunabot_ws/install/lunabot/include/lunabot/lunabot/action/detail/excavation__rosidl_typesupport_fastrtps_cpp.hpp
[7.329s] -- Up-to-date symlink: /home/stupid/lunabot_ws/install/lunabot/include/lunabot/lunabot/action/detail/localization__rosidl_typesupport_fastrtps_cpp.hpp
[7.329s] -- Up-to-date symlink: /home/stupid/lunabot_ws/install/lunabot/include/lunabot/lunabot/msg/detail/duty_cycle_output__rosidl_typesupport_fastrtps_cpp.hpp
[7.329s] -- Up-to-date symlink: /home/stupid/lunabot_ws/install/lunabot/include/lunabot/lunabot/msg/rosidl_typesupport_fastrtps_cpp__visibility_control.h
[7.329s] -- Up-to-date symlink: /home/stupid/lunabot_ws/install/lunabot/include/lunabot/lunabot/action/detail/excavation__rosidl_typesupport_introspection_c.h
[7.329s] -- Up-to-date symlink: /home/stupid/lunabot_ws/install/lunabot/include/lunabot/lunabot/action/detail/localization__rosidl_typesupport_introspection_c.h
[7.329s] -- Up-to-date symlink: /home/stupid/lunabot_ws/install/lunabot/include/lunabot/lunabot/msg/detail/duty_cycle_output__rosidl_typesupport_introspection_c.h
[7.330s] -- Up-to-date symlink: /home/stupid/lunabot_ws/install/lunabot/include/lunabot/lunabot/msg/rosidl_typesupport_introspection_c__visibility_control.h
[7.330s] -- Up-to-date symlink: /home/stupid/lunabot_ws/install/lunabot/include/lunabot/lunabot/action/detail/excavation__rosidl_typesupport_introspection_cpp.hpp
[7.330s] -- Up-to-date symlink: /home/stupid/lunabot_ws/install/lunabot/include/lunabot/lunabot/action/detail/localization__rosidl_typesupport_introspection_cpp.hpp
[7.330s] -- Up-to-date symlink: /home/stupid/lunabot_ws/install/lunabot/include/lunabot/lunabot/msg/detail/duty_cycle_output__rosidl_typesupport_introspection_cpp.hpp
[7.330s] -- Up-to-date symlink: /home/stupid/lunabot_ws/install/lunabot/share/lunabot/environment/pythonpath.sh
[7.330s] -- Up-to-date symlink: /home/stupid/lunabot_ws/install/lunabot/share/lunabot/environment/pythonpath.dsv
[7.330s] -- Up-to-date symlink: /home/stupid/lunabot_ws/install/lunabot/local/lib/python3.10/dist-packages/lunabot-0.1.0-py3.10.egg-info/PKG-INFO
[7.330s] -- Up-to-date symlink: /home/stupid/lunabot_ws/install/lunabot/local/lib/python3.10/dist-packages/lunabot-0.1.0-py3.10.egg-info/SOURCES.txt
[7.330s] -- Up-to-date symlink: /home/stupid/lunabot_ws/install/lunabot/local/lib/python3.10/dist-packages/lunabot-0.1.0-py3.10.egg-info/dependency_links.txt
[7.331s] -- Up-to-date symlink: /home/stupid/lunabot_ws/install/lunabot/local/lib/python3.10/dist-packages/lunabot-0.1.0-py3.10.egg-info/top_level.txt
[7.331s] -- Up-to-date symlink: /home/stupid/lunabot_ws/install/lunabot/local/lib/python3.10/dist-packages/lunabot/__init__.py
[7.331s] -- Up-to-date symlink: /home/stupid/lunabot_ws/install/lunabot/local/lib/python3.10/dist-packages/lunabot/_lunabot_s.ep.rosidl_typesupport_c.c
[7.331s] -- Up-to-date symlink: /home/stupid/lunabot_ws/install/lunabot/local/lib/python3.10/dist-packages/lunabot/_lunabot_s.ep.rosidl_typesupport_fastrtps_c.c
[7.331s] -- Up-to-date symlink: /home/stupid/lunabot_ws/install/lunabot/local/lib/python3.10/dist-packages/lunabot/_lunabot_s.ep.rosidl_typesupport_introspection_c.c
[7.332s] -- Up-to-date symlink: /home/stupid/lunabot_ws/install/lunabot/local/lib/python3.10/dist-packages/lunabot/action/__init__.py
[7.332s] -- Up-to-date symlink: /home/stupid/lunabot_ws/install/lunabot/local/lib/python3.10/dist-packages/lunabot/action/_excavation.py
[7.332s] -- Up-to-date symlink: /home/stupid/lunabot_ws/install/lunabot/local/lib/python3.10/dist-packages/lunabot/action/_excavation_s.c
[7.332s] -- Up-to-date symlink: /home/stupid/lunabot_ws/install/lunabot/local/lib/python3.10/dist-packages/lunabot/action/_localization.py
[7.332s] -- Up-to-date symlink: /home/stupid/lunabot_ws/install/lunabot/local/lib/python3.10/dist-packages/lunabot/action/_localization_s.c
[7.332s] -- Up-to-date symlink: /home/stupid/lunabot_ws/install/lunabot/local/lib/python3.10/dist-packages/lunabot/liblunabot__rosidl_generator_py.so
[7.332s] -- Up-to-date symlink: /home/stupid/lunabot_ws/install/lunabot/local/lib/python3.10/dist-packages/lunabot/lunabot_s__rosidl_typesupport_c.cpython-310-x86_64-linux-gnu.so
[7.333s] -- Up-to-date symlink: /home/stupid/lunabot_ws/install/lunabot/local/lib/python3.10/dist-packages/lunabot/lunabot_s__rosidl_typesupport_fastrtps_c.cpython-310-x86_64-linux-gnu.so
[7.333s] -- Up-to-date symlink: /home/stupid/lunabot_ws/install/lunabot/local/lib/python3.10/dist-packages/lunabot/lunabot_s__rosidl_typesupport_introspection_c.cpython-310-x86_64-linux-gnu.so
[7.333s] -- Up-to-date symlink: /home/stupid/lunabot_ws/install/lunabot/local/lib/python3.10/dist-packages/lunabot/msg/__init__.py
[7.333s] -- Up-to-date symlink: /home/stupid/lunabot_ws/install/lunabot/local/lib/python3.10/dist-packages/lunabot/msg/_duty_cycle_output.py
[7.333s] -- Up-to-date symlink: /home/stupid/lunabot_ws/install/lunabot/local/lib/python3.10/dist-packages/lunabot/msg/_duty_cycle_output_s.c
[7.333s] -- Up-to-date symlink: /home/stupid/lunabot_ws/install/lunabot/local/lib/python3.10/dist-packages/lunabot/lunabot_s__rosidl_typesupport_fastrtps_c.cpython-310-x86_64-linux-gnu.so
[7.333s] -- Up-to-date symlink: /home/stupid/lunabot_ws/install/lunabot/local/lib/python3.10/dist-packages/lunabot/lunabot_s__rosidl_typesupport_introspection_c.cpython-310-x86_64-linux-gnu.so
[7.333s] -- Up-to-date symlink: /home/stupid/lunabot_ws/install/lunabot/local/lib/python3.10/dist-packages/lunabot/lunabot_s__rosidl_typesupport_c.cpython-310-x86_64-linux-gnu.so
[7.334s] -- Up-to-date symlink: /home/stupid/lunabot_ws/install/lunabot/share/lunabot/msg/DutyCycleOutput.idl
[7.334s] -- Up-to-date symlink: /home/stupid/lunabot_ws/install/lunabot/share/lunabot/action/Localization.idl
[7.334s] -- Up-to-date symlink: /home/stupid/lunabot_ws/install/lunabot/share/lunabot/action/Excavation.idl
[7.334s] -- Up-to-date symlink: /home/stupid/lunabot_ws/install/lunabot/share/lunabot/msg/DutyCycleOutput.msg
[7.334s] -- Up-to-date symlink: /home/stupid/lunabot_ws/install/lunabot/share/lunabot/action/Localization.action
[7.334s] -- Up-to-date symlink: /home/stupid/lunabot_ws/install/lunabot/share/lunabot/action/Excavation.action
[7.334s] -- Up-to-date symlink: /home/stupid/lunabot_ws/install/lunabot/lib/lunabot/canable_start.sh
[7.334s] -- Up-to-date symlink: /home/stupid/lunabot_ws/install/lunabot/lib/lunabot/excavation_server.py
[7.334s] -- Up-to-date symlink: /home/stupid/lunabot_ws/install/lunabot/lib/lunabot/localization_server.py
[7.334s] -- Up-to-date symlink: /home/stupid/lunabot_ws/install/lunabot/lib/lunabot/navagation_client.py
[7.335s] -- Up-to-date symlink: /home/stupid/lunabot_ws/install/lunabot/lib/lunabot/testcontrol.py
[7.335s] -- Symlinking: /home/stupid/lunabot_ws/install/lunabot/share/lunabot/launch/__pycache__/slam_simulation_launch.cpython-310.pyc
[7.338s] -- Symlinking: /home/stupid/lunabot_ws/install/lunabot/share/lunabot/launch/slam_simulation_launch.py
[7.343s] -- Symlinking: /home/stupid/lunabot_ws/install/lunabot/share/lunabot/urdf/trencher_bot.urdf
[7.347s] -- Symlinking: /home/stupid/lunabot_ws/install/lunabot/share/lunabot/urdf/trencher_bot.urdf.xacro
[7.351s] -- Symlinking: /home/stupid/lunabot_ws/install/lunabot/share/lunabot/urdf/trencher_bot_body.dae
[7.355s] -- Symlinking: /home/stupid/lunabot_ws/install/lunabot/share/lunabot/urdf/trencher_bot_body.stl
[7.359s] -- Symlinking: /home/stupid/lunabot_ws/install/lunabot/share/lunabot/urdf/trencher_bot_d455_camera.stl
[7.363s] -- Symlinking: /home/stupid/lunabot_ws/install/lunabot/share/lunabot/worlds/moon.world
[7.367s] -- Symlinking: /home/stupid/lunabot_ws/install/lunabot/share/lunabot/rviz/slam_config.rviz
[7.372s] -- Symlinking: /home/stupid/lunabot_ws/install/lunabot/share/lunabot/config/slam_toolbox_config.yaml
[7.376s] -- Up-to-date symlink: /home/stupid/lunabot_ws/install/lunabot/share/ament_index/resource_index/package_run_dependencies/lunabot
[7.376s] -- Up-to-date symlink: /home/stupid/lunabot_ws/install/lunabot/share/ament_index/resource_index/parent_prefix_path/lunabot
[7.376s] -- Up-to-date symlink: /home/stupid/lunabot_ws/install/lunabot/share/lunabot/environment/ament_prefix_path.sh
[7.376s] -- Up-to-date symlink: /home/stupid/lunabot_ws/install/lunabot/share/lunabot/environment/ament_prefix_path.dsv
[7.376s] -- Up-to-date symlink: /home/stupid/lunabot_ws/install/lunabot/share/lunabot/environment/path.sh
[7.376s] -- Up-to-date symlink: /home/stupid/lunabot_ws/install/lunabot/share/lunabot/environment/path.dsv
[7.377s] -- Up-to-date symlink: /home/stupid/lunabot_ws/install/lunabot/share/lunabot/local_setup.bash
[7.377s] -- Up-to-date symlink: /home/stupid/lunabot_ws/install/lunabot/share/lunabot/local_setup.sh
[7.377s] -- Up-to-date symlink: /home/stupid/lunabot_ws/install/lunabot/share/lunabot/local_setup.zsh
[7.377s] -- Up-to-date symlink: /home/stupid/lunabot_ws/install/lunabot/share/lunabot/local_setup.dsv
[7.377s] -- Symlinking: /home/stupid/lunabot_ws/install/lunabot/share/lunabot/package.dsv
[7.381s] -- Up-to-date symlink: /home/stupid/lunabot_ws/install/lunabot/share/ament_index/resource_index/packages/lunabot
[7.381s] -- Up-to-date symlink: /home/stupid/lunabot_ws/install/lunabot/share/lunabot/cmake/rosidl_cmake-extras.cmake
[7.382s] -- Up-to-date symlink: /home/stupid/lunabot_ws/install/lunabot/share/lunabot/cmake/ament_cmake_export_dependencies-extras.cmake
[7.382s] -- Up-to-date symlink: /home/stupid/lunabot_ws/install/lunabot/share/lunabot/cmake/ament_cmake_export_include_directories-extras.cmake
[7.382s] -- Up-to-date symlink: /home/stupid/lunabot_ws/install/lunabot/share/lunabot/cmake/ament_cmake_export_libraries-extras.cmake
[7.382s] -- Up-to-date symlink: /home/stupid/lunabot_ws/install/lunabot/share/lunabot/cmake/ament_cmake_export_targets-extras.cmake
[7.382s] -- Up-to-date symlink: /home/stupid/lunabot_ws/install/lunabot/share/lunabot/cmake/rosidl_cmake_export_typesupport_targets-extras.cmake
[7.382s] -- Up-to-date symlink: /home/stupid/lunabot_ws/install/lunabot/share/lunabot/cmake/rosidl_cmake_export_typesupport_libraries-extras.cmake
[7.382s] -- Up-to-date symlink: /home/stupid/lunabot_ws/install/lunabot/share/lunabot/cmake/lunabotConfig.cmake
[7.383s] -- Up-to-date symlink: /home/stupid/lunabot_ws/install/lunabot/share/lunabot/cmake/lunabotConfig-version.cmake
[7.383s] -- Up-to-date symlink: /home/stupid/lunabot_ws/install/lunabot/share/lunabot/package.xml
[7.383s] -- Up-to-date: /home/stupid/lunabot_ws/install/lunabot/lib/liblunabot__rosidl_generator_c.so
[7.383s] -- Up-to-date: /home/stupid/lunabot_ws/install/lunabot/lib/liblunabot__rosidl_typesupport_fastrtps_c.so
[7.383s] -- Up-to-date: /home/stupid/lunabot_ws/install/lunabot/lib/liblunabot__rosidl_typesupport_fastrtps_cpp.so
[7.383s] -- Up-to-date: /home/stupid/lunabot_ws/install/lunabot/lib/liblunabot__rosidl_typesupport_introspection_c.so
[7.383s] -- Up-to-date: /home/stupid/lunabot_ws/install/lunabot/lib/liblunabot__rosidl_typesupport_c.so
[7.383s] -- Up-to-date: /home/stupid/lunabot_ws/install/lunabot/lib/liblunabot__rosidl_typesupport_introspection_cpp.so
[7.383s] -- Up-to-date: /home/stupid/lunabot_ws/install/lunabot/lib/liblunabot__rosidl_typesupport_cpp.so
[7.404s] Listing '/home/stupid/lunabot_ws/install/lunabot/local/lib/python3.10/dist-packages/lunabot'...
[7.404s] Compiling '/home/stupid/lunabot_ws/install/lunabot/local/lib/python3.10/dist-packages/lunabot/__init__.py'...
[7.404s] Listing '/home/stupid/lunabot_ws/install/lunabot/local/lib/python3.10/dist-packages/lunabot/action'...
[7.404s] Listing '/home/stupid/lunabot_ws/install/lunabot/local/lib/python3.10/dist-packages/lunabot/msg'...
[7.406s] -- Up-to-date: /home/stupid/lunabot_ws/install/lunabot/lib/liblunabot__rosidl_generator_py.so
[7.407s] -- Up-to-date: /home/stupid/lunabot_ws/install/lunabot/share/lunabot/cmake/export_lunabot__rosidl_generator_cExport.cmake
[7.407s] -- Up-to-date: /home/stupid/lunabot_ws/install/lunabot/share/lunabot/cmake/export_lunabot__rosidl_generator_cExport-noconfig.cmake
[7.407s] -- Up-to-date: /home/stupid/lunabot_ws/install/lunabot/share/lunabot/cmake/export_lunabot__rosidl_typesupport_fastrtps_cExport.cmake
[7.407s] -- Up-to-date: /home/stupid/lunabot_ws/install/lunabot/share/lunabot/cmake/export_lunabot__rosidl_typesupport_fastrtps_cExport-noconfig.cmake
[7.407s] -- Up-to-date: /home/stupid/lunabot_ws/install/lunabot/share/lunabot/cmake/export_lunabot__rosidl_generator_cppExport.cmake
[7.407s] -- Up-to-date: /home/stupid/lunabot_ws/install/lunabot/share/lunabot/cmake/export_lunabot__rosidl_typesupport_fastrtps_cppExport.cmake
[7.407s] -- Up-to-date: /home/stupid/lunabot_ws/install/lunabot/share/lunabot/cmake/export_lunabot__rosidl_typesupport_fastrtps_cppExport-noconfig.cmake
[7.407s] -- Up-to-date: /home/stupid/lunabot_ws/install/lunabot/share/lunabot/cmake/lunabot__rosidl_typesupport_introspection_cExport.cmake
[7.407s] -- Up-to-date: /home/stupid/lunabot_ws/install/lunabot/share/lunabot/cmake/lunabot__rosidl_typesupport_introspection_cExport-noconfig.cmake
[7.407s] -- Up-to-date: /home/stupid/lunabot_ws/install/lunabot/share/lunabot/cmake/lunabot__rosidl_typesupport_cExport.cmake
[7.407s] -- Up-to-date: /home/stupid/lunabot_ws/install/lunabot/share/lunabot/cmake/lunabot__rosidl_typesupport_cExport-noconfig.cmake
[7.408s] -- Up-to-date: /home/stupid/lunabot_ws/install/lunabot/share/lunabot/cmake/lunabot__rosidl_typesupport_introspection_cppExport.cmake
[7.408s] -- Up-to-date: /home/stupid/lunabot_ws/install/lunabot/share/lunabot/cmake/lunabot__rosidl_typesupport_introspection_cppExport-noconfig.cmake
[7.408s] -- Up-to-date: /home/stupid/lunabot_ws/install/lunabot/share/lunabot/cmake/lunabot__rosidl_typesupport_cppExport.cmake
[7.408s] -- Up-to-date: /home/stupid/lunabot_ws/install/lunabot/share/lunabot/cmake/lunabot__rosidl_typesupport_cppExport-noconfig.cmake
[7.408s] -- Up-to-date: /home/stupid/lunabot_ws/install/lunabot/share/lunabot/cmake/export_lunabot__rosidl_generator_pyExport.cmake
[7.408s] -- Up-to-date: /home/stupid/lunabot_ws/install/lunabot/share/lunabot/cmake/export_lunabot__rosidl_generator_pyExport-noconfig.cmake
[7.409s] Invoked command in '/home/stupid/lunabot_ws/build/lunabot' returned '0': CMAKE_PREFIX_PATH=${CMAKE_PREFIX_PATH}:/opt/ros/humble /usr/bin/cmake --install /home/stupid/lunabot_ws/build/lunabot
