[0.007s] Invoking command in '/home/stupid/lunabot_ws/build/lunabot': /usr/bin/cmake /home/stupid/lunabot_ws/src/lunabot -DAMENT_CMAKE_SYMLINK_INSTALL=1 -DCMAKE_INSTALL_PREFIX=/home/stupid/lunabot_ws/install/lunabot
[0.013s] -- Found ament_cmake: 1.3.11 (/opt/ros/humble/share/ament_cmake/cmake)
[0.098s] Traceback (most recent call last):
[0.098s]   File "/opt/ros/humble/share/ament_cmake_core/cmake/package_templates/templates_2_cmake.py", line 21, in <module>
[0.098s]     from ament_package.templates import get_environment_hook_template_path
[0.098s] ModuleNotFoundError: No module named 'ament_package'
[0.106s] [31mCMake Error at /opt/ros/humble/share/ament_cmake_core/cmake/ament_cmake_package_templates-extras.cmake:41 (message):
[0.106s]   execute_process(/usr/bin/python3
[0.106s]   /opt/ros/humble/share/ament_cmake_core/cmake/package_templates/templates_2_cmake.py
[0.107s]   /home/stupid/lunabot_ws/build/lunabot/ament_cmake_package_templates/templates.cmake)
[0.107s]   returned error code 1
[0.107s] Call Stack (most recent call first):
[0.107s]   /opt/ros/humble/share/ament_cmake_core/cmake/ament_cmake_coreConfig.cmake:41 (include)
[0.107s]   /opt/ros/humble/share/ament_cmake/cmake/ament_cmake_export_dependencies-extras.cmake:15 (find_package)
[0.107s]   /opt/ros/humble/share/ament_cmake/cmake/ament_cmakeConfig.cmake:41 (include)
[0.107s]   CMakeLists.txt:5 (find_package)
[0.107s] 
[0.108s] [0m
[0.108s] -- Configuring incomplete, errors occurred!
[0.108s] See also "/home/stupid/lunabot_ws/build/lunabot/CMakeFiles/CMakeOutput.log".
[0.109s] Invoked command in '/home/stupid/lunabot_ws/build/lunabot' returned '1': /usr/bin/cmake /home/stupid/lunabot_ws/src/lunabot -DAMENT_CMAKE_SYMLINK_INSTALL=1 -DCMAKE_INSTALL_PREFIX=/home/stupid/lunabot_ws/install/lunabot
