[0.156s] DEBUG:colcon:Command line arguments: ['/usr/bin/colcon', 'build', '--symlink-install']
[0.157s] DEBUG:colcon:Parsed command line arguments: Namespace(log_base=None, log_level=None, verb_name='build', build_base='build', install_base='install', merge_install=False, symlink_install=True, test_result_base=None, continue_on_error=False, executor='parallel', parallel_workers=20, event_handlers=None, ignore_user_meta=False, metas=['./colcon.meta'], base_paths=['.'], packages_ignore=None, packages_ignore_regex=None, paths=None, packages_up_to=None, packages_up_to_regex=None, packages_above=None, packages_above_and_dependencies=None, packages_above_depth=None, packages_select_by_dep=None, packages_skip_by_dep=None, packages_skip_up_to=None, packages_select_build_failed=False, packages_skip_build_finished=False, packages_select_test_failures=False, packages_skip_test_passed=False, packages_select=None, packages_skip=None, packages_select_regex=None, packages_skip_regex=None, packages_start=None, packages_end=None, allow_overriding=[], cmake_args=None, cmake_target=None, cmake_target_skip_unavailable=False, cmake_clean_cache=False, cmake_clean_first=False, cmake_force_configure=False, ament_cmake_args=None, catkin_cmake_args=None, catkin_skip_building_tests=False, mixin_files=None, mixin=None, verb_parser=<colcon_mixin.mixin.mixin_argument.MixinArgumentDecorator object at 0x7f9f650de260>, verb_extension=<colcon_core.verb.build.BuildVerb object at 0x7f9f650dd8a0>, main=<bound method BuildVerb.main of <colcon_core.verb.build.BuildVerb object at 0x7f9f650dd8a0>>, mixin_verb=('build',))
[0.278s] Level 1:colcon.colcon_core.package_discovery:discover_packages(colcon_meta) check parameters
[0.278s] Level 1:colcon.colcon_core.package_discovery:discover_packages(recursive) check parameters
[0.278s] Level 1:colcon.colcon_core.package_discovery:discover_packages(ignore) check parameters
[0.278s] Level 1:colcon.colcon_core.package_discovery:discover_packages(path) check parameters
[0.278s] Level 1:colcon.colcon_core.package_discovery:discover_packages(colcon_meta) discover
[0.278s] Level 1:colcon.colcon_core.package_discovery:discover_packages(recursive) discover
[0.278s] INFO:colcon.colcon_core.package_discovery:Crawling recursively for packages in '/home/stupid/lunabot_ws'
[0.278s] Level 1:colcon.colcon_core.package_identification:_identify(.) by extensions ['ignore', 'ignore_ament_install']
[0.278s] Level 1:colcon.colcon_core.package_identification:_identify(.) by extension 'ignore'
[0.278s] Level 1:colcon.colcon_core.package_identification:_identify(.) by extension 'ignore_ament_install'
[0.278s] Level 1:colcon.colcon_core.package_identification:_identify(.) by extensions ['colcon_pkg']
[0.278s] Level 1:colcon.colcon_core.package_identification:_identify(.) by extension 'colcon_pkg'
[0.278s] Level 1:colcon.colcon_core.package_identification:_identify(.) by extensions ['colcon_meta']
[0.278s] Level 1:colcon.colcon_core.package_identification:_identify(.) by extension 'colcon_meta'
[0.278s] Level 1:colcon.colcon_core.package_identification:_identify(.) by extensions ['ros']
[0.278s] Level 1:colcon.colcon_core.package_identification:_identify(.) by extension 'ros'
[0.286s] Level 1:colcon.colcon_core.package_identification:_identify(.) by extensions ['cmake', 'python']
[0.286s] Level 1:colcon.colcon_core.package_identification:_identify(.) by extension 'cmake'
[0.286s] Level 1:colcon.colcon_core.package_identification:_identify(.) by extension 'python'
[0.286s] Level 1:colcon.colcon_core.package_identification:_identify(.) by extensions ['python_setup_py']
[0.286s] Level 1:colcon.colcon_core.package_identification:_identify(.) by extension 'python_setup_py'
[0.286s] Level 1:colcon.colcon_core.package_identification:_identify(build) by extensions ['ignore', 'ignore_ament_install']
[0.286s] Level 1:colcon.colcon_core.package_identification:_identify(build) by extension 'ignore'
[0.286s] Level 1:colcon.colcon_core.package_identification:_identify(build) ignored
[0.286s] Level 1:colcon.colcon_core.package_identification:_identify(install) by extensions ['ignore', 'ignore_ament_install']
[0.286s] Level 1:colcon.colcon_core.package_identification:_identify(install) by extension 'ignore'
[0.286s] Level 1:colcon.colcon_core.package_identification:_identify(install) ignored
[0.286s] Level 1:colcon.colcon_core.package_identification:_identify(log) by extensions ['ignore', 'ignore_ament_install']
[0.286s] Level 1:colcon.colcon_core.package_identification:_identify(log) by extension 'ignore'
[0.286s] Level 1:colcon.colcon_core.package_identification:_identify(log) ignored
[0.286s] Level 1:colcon.colcon_core.package_identification:_identify(src) by extensions ['ignore', 'ignore_ament_install']
[0.286s] Level 1:colcon.colcon_core.package_identification:_identify(src) by extension 'ignore'
[0.287s] Level 1:colcon.colcon_core.package_identification:_identify(src) by extension 'ignore_ament_install'
[0.287s] Level 1:colcon.colcon_core.package_identification:_identify(src) by extensions ['colcon_pkg']
[0.287s] Level 1:colcon.colcon_core.package_identification:_identify(src) by extension 'colcon_pkg'
[0.287s] Level 1:colcon.colcon_core.package_identification:_identify(src) by extensions ['colcon_meta']
[0.287s] Level 1:colcon.colcon_core.package_identification:_identify(src) by extension 'colcon_meta'
[0.287s] Level 1:colcon.colcon_core.package_identification:_identify(src) by extensions ['ros']
[0.287s] Level 1:colcon.colcon_core.package_identification:_identify(src) by extension 'ros'
[0.287s] Level 1:colcon.colcon_core.package_identification:_identify(src) by extensions ['cmake', 'python']
[0.287s] Level 1:colcon.colcon_core.package_identification:_identify(src) by extension 'cmake'
[0.287s] Level 1:colcon.colcon_core.package_identification:_identify(src) by extension 'python'
[0.287s] Level 1:colcon.colcon_core.package_identification:_identify(src) by extensions ['python_setup_py']
[0.287s] Level 1:colcon.colcon_core.package_identification:_identify(src) by extension 'python_setup_py'
[0.287s] Level 1:colcon.colcon_core.package_identification:_identify(src/lunabot) by extensions ['ignore', 'ignore_ament_install']
[0.287s] Level 1:colcon.colcon_core.package_identification:_identify(src/lunabot) by extension 'ignore'
[0.287s] Level 1:colcon.colcon_core.package_identification:_identify(src/lunabot) by extension 'ignore_ament_install'
[0.287s] Level 1:colcon.colcon_core.package_identification:_identify(src/lunabot) by extensions ['colcon_pkg']
[0.287s] Level 1:colcon.colcon_core.package_identification:_identify(src/lunabot) by extension 'colcon_pkg'
[0.287s] Level 1:colcon.colcon_core.package_identification:_identify(src/lunabot) by extensions ['colcon_meta']
[0.287s] Level 1:colcon.colcon_core.package_identification:_identify(src/lunabot) by extension 'colcon_meta'
[0.287s] Level 1:colcon.colcon_core.package_identification:_identify(src/lunabot) by extensions ['ros']
[0.287s] Level 1:colcon.colcon_core.package_identification:_identify(src/lunabot) by extension 'ros'
[0.289s] DEBUG:colcon.colcon_core.package_identification:Package 'src/lunabot' with type 'ros.ament_cmake' and name 'lunabot'
[0.289s] Level 1:colcon.colcon_core.package_discovery:discover_packages(recursive) using defaults
[0.289s] Level 1:colcon.colcon_core.package_discovery:discover_packages(ignore) discover
[0.289s] Level 1:colcon.colcon_core.package_discovery:discover_packages(ignore) using defaults
[0.289s] Level 1:colcon.colcon_core.package_discovery:discover_packages(path) discover
[0.289s] Level 1:colcon.colcon_core.package_discovery:discover_packages(path) using defaults
[0.308s] Level 1:colcon.colcon_core.package_discovery:discover_packages(prefix_path) check parameters
[0.308s] Level 1:colcon.colcon_core.package_discovery:discover_packages(prefix_path) discover
[0.309s] WARNING:colcon.colcon_ros.prefix_path.ament:The path '/home/stupid/lunabot_ws/install/lunabot' in the environment variable AMENT_PREFIX_PATH doesn't exist
[0.309s] DEBUG:colcon.colcon_installed_package_information.package_discovery:Found 0 installed packages in /home/stupid/lunabot_ws/install
[0.310s] DEBUG:colcon.colcon_installed_package_information.package_discovery:Found 295 installed packages in /opt/ros/humble
[0.311s] Level 1:colcon.colcon_core.package_discovery:discover_packages(prefix_path) using defaults
[0.339s] Level 5:colcon.colcon_core.verb:set package 'lunabot' build argument 'cmake_args' from command line to 'None'
[0.339s] Level 5:colcon.colcon_core.verb:set package 'lunabot' build argument 'cmake_target' from command line to 'None'
[0.339s] Level 5:colcon.colcon_core.verb:set package 'lunabot' build argument 'cmake_target_skip_unavailable' from command line to 'False'
[0.339s] Level 5:colcon.colcon_core.verb:set package 'lunabot' build argument 'cmake_clean_cache' from command line to 'False'
[0.339s] Level 5:colcon.colcon_core.verb:set package 'lunabot' build argument 'cmake_clean_first' from command line to 'False'
[0.339s] Level 5:colcon.colcon_core.verb:set package 'lunabot' build argument 'cmake_force_configure' from command line to 'False'
[0.339s] Level 5:colcon.colcon_core.verb:set package 'lunabot' build argument 'ament_cmake_args' from command line to 'None'
[0.339s] Level 5:colcon.colcon_core.verb:set package 'lunabot' build argument 'catkin_cmake_args' from command line to 'None'
[0.339s] Level 5:colcon.colcon_core.verb:set package 'lunabot' build argument 'catkin_skip_building_tests' from command line to 'False'
[0.339s] DEBUG:colcon.colcon_core.verb:Building package 'lunabot' with the following arguments: {'ament_cmake_args': None, 'build_base': '/home/stupid/lunabot_ws/build/lunabot', 'catkin_cmake_args': None, 'catkin_skip_building_tests': False, 'cmake_args': None, 'cmake_clean_cache': False, 'cmake_clean_first': False, 'cmake_force_configure': False, 'cmake_target': None, 'cmake_target_skip_unavailable': False, 'install_base': '/home/stupid/lunabot_ws/install/lunabot', 'merge_install': False, 'path': '/home/stupid/lunabot_ws/src/lunabot', 'symlink_install': True, 'test_result_base': None}
[0.339s] INFO:colcon.colcon_core.executor:Executing jobs using 'parallel' executor
[0.340s] DEBUG:colcon.colcon_parallel_executor.executor.parallel:run_until_complete
[0.340s] INFO:colcon.colcon_ros.task.ament_cmake.build:Building ROS package in '/home/stupid/lunabot_ws/src/lunabot' with build type 'ament_cmake'
[0.340s] INFO:colcon.colcon_cmake.task.cmake.build:Building CMake package in '/home/stupid/lunabot_ws/src/lunabot'
[0.342s] INFO:colcon.colcon_core.plugin_system:Skipping extension 'colcon_core.shell.bat': Not used on non-Windows systems
[0.342s] INFO:colcon.colcon_core.shell:Skip shell extension 'powershell' for command environment: Not usable outside of PowerShell
[0.342s] DEBUG:colcon.colcon_core.shell:Skip shell extension 'dsv' for command environment
[0.349s] DEBUG:colcon.colcon_core.event_handler.log_command:Invoking command in '/home/stupid/lunabot_ws/build/lunabot': CMAKE_PREFIX_PATH=/opt/ros/humble:/home/stupid/lunabot_ws/install/lunabot /usr/bin/cmake /home/stupid/lunabot_ws/src/lunabot -DAMENT_CMAKE_SYMLINK_INSTALL=1 -DCMAKE_INSTALL_PREFIX=/home/stupid/lunabot_ws/install/lunabot
[8.654s] DEBUG:colcon.colcon_core.event_handler.log_command:Invoked command in '/home/stupid/lunabot_ws/build/lunabot' returned '1': CMAKE_PREFIX_PATH=/opt/ros/humble:/home/stupid/lunabot_ws/install/lunabot /usr/bin/cmake /home/stupid/lunabot_ws/src/lunabot -DAMENT_CMAKE_SYMLINK_INSTALL=1 -DCMAKE_INSTALL_PREFIX=/home/stupid/lunabot_ws/install/lunabot
[8.661s] Level 1:colcon.colcon_core.environment:create_environment_scripts_only(lunabot)
[8.662s] Level 1:colcon.colcon_core.environment:checking '/home/stupid/lunabot_ws/install/lunabot' for CMake module files
[8.663s] Level 1:colcon.colcon_core.environment:checking '/home/stupid/lunabot_ws/install/lunabot' for CMake config files
[8.663s] Level 1:colcon.colcon_core.environment:checking '/home/stupid/lunabot_ws/install/lunabot/bin'
[8.663s] Level 1:colcon.colcon_core.environment:checking '/home/stupid/lunabot_ws/install/lunabot/lib/pkgconfig/lunabot.pc'
[8.663s] Level 1:colcon.colcon_core.environment:checking '/home/stupid/lunabot_ws/install/lunabot/lib/python3.10/site-packages'
[8.663s] Level 1:colcon.colcon_core.environment:checking '/home/stupid/lunabot_ws/install/lunabot/bin'
[8.664s] INFO:colcon.colcon_core.shell:Creating package script '/home/stupid/lunabot_ws/install/lunabot/share/lunabot/package.ps1'
[8.665s] INFO:colcon.colcon_core.shell:Creating package descriptor '/home/stupid/lunabot_ws/install/lunabot/share/lunabot/package.dsv'
[8.665s] INFO:colcon.colcon_core.shell:Creating package script '/home/stupid/lunabot_ws/install/lunabot/share/lunabot/package.sh'
[8.665s] INFO:colcon.colcon_core.shell:Creating package script '/home/stupid/lunabot_ws/install/lunabot/share/lunabot/package.bash'
[8.666s] INFO:colcon.colcon_core.shell:Creating package script '/home/stupid/lunabot_ws/install/lunabot/share/lunabot/package.zsh'
[8.666s] Level 1:colcon.colcon_core.environment:create_file_with_runtime_dependencies(/home/stupid/lunabot_ws/install/lunabot/share/colcon-core/packages/lunabot)
[8.677s] DEBUG:colcon.colcon_parallel_executor.executor.parallel:closing loop
[8.677s] DEBUG:colcon.colcon_parallel_executor.executor.parallel:loop closed
[8.677s] DEBUG:colcon.colcon_parallel_executor.executor.parallel:run_until_complete finished with '1'
[8.677s] DEBUG:colcon.colcon_core.event_reactor:joining thread
[8.728s] INFO:colcon.colcon_core.plugin_system:Skipping extension 'colcon_notification.desktop_notification.notify_send': Could not find 'notify-send'
[8.729s] INFO:colcon.colcon_core.plugin_system:Skipping extension 'colcon_notification.desktop_notification.terminal_notifier': Not used on non-Darwin systems
[8.729s] INFO:colcon.colcon_core.plugin_system:Skipping extension 'colcon_notification.desktop_notification.win32': Not used on non-Windows systems
[8.729s] INFO:colcon.colcon_notification.desktop_notification:Sending desktop notification using 'notify2'
[8.729s] DEBUG:colcon.colcon_notification.desktop_notification.notify2:Failed to initialize notify2: org.freedesktop.DBus.Error.ServiceUnknown: The name org.freedesktop.Notifications was not provided by any .service files
[8.729s] DEBUG:colcon.colcon_core.event_reactor:joined thread
[8.730s] INFO:colcon.colcon_core.shell:Creating prefix script '/home/stupid/lunabot_ws/install/local_setup.ps1'
[8.730s] INFO:colcon.colcon_core.shell:Creating prefix util module '/home/stupid/lunabot_ws/install/_local_setup_util_ps1.py'
[8.731s] INFO:colcon.colcon_core.shell:Creating prefix chain script '/home/stupid/lunabot_ws/install/setup.ps1'
[8.732s] INFO:colcon.colcon_core.shell:Creating prefix script '/home/stupid/lunabot_ws/install/local_setup.sh'
[8.732s] INFO:colcon.colcon_core.shell:Creating prefix util module '/home/stupid/lunabot_ws/install/_local_setup_util_sh.py'
[8.733s] INFO:colcon.colcon_core.shell:Creating prefix chain script '/home/stupid/lunabot_ws/install/setup.sh'
[8.733s] INFO:colcon.colcon_core.shell:Creating prefix script '/home/stupid/lunabot_ws/install/local_setup.bash'
[8.734s] INFO:colcon.colcon_core.shell:Creating prefix chain script '/home/stupid/lunabot_ws/install/setup.bash'
[8.734s] INFO:colcon.colcon_core.shell:Creating prefix script '/home/stupid/lunabot_ws/install/local_setup.zsh'
[8.734s] INFO:colcon.colcon_core.shell:Creating prefix chain script '/home/stupid/lunabot_ws/install/setup.zsh'
