/usr/bin/cmake -S/home/stupid/lunabot_ws/src/lunabot -B/home/stupid/lunabot_ws/build/lunabot --check-build-system CMakeFiles/Makefile.cmake 0
/usr/bin/cmake -E cmake_progress_start /home/stupid/lunabot_ws/build/lunabot/CMakeFiles /home/stupid/lunabot_ws/build/lunabot//CMakeFiles/progress.marks
/usr/bin/gmake  -f CMakeFiles/Makefile2 all
gmake[1]: Entering directory '/home/stupid/lunabot_ws/build/lunabot'
/usr/bin/gmake  -f CMakeFiles/lunabot__cpp.dir/build.make CMakeFiles/lunabot__cpp.dir/depend
/usr/bin/gmake  -f CMakeFiles/lunabot__rosidl_generator_c.dir/build.make CMakeFiles/lunabot__rosidl_generator_c.dir/depend
/usr/bin/gmake  -f CMakeFiles/ament_cmake_python_symlink_lunabot.dir/build.make CMakeFiles/ament_cmake_python_symlink_lunabot.dir/depend
gmake[2]: Entering directory '/home/stupid/lunabot_ws/build/lunabot'
cd /home/stupid/lunabot_ws/build/lunabot && /usr/bin/cmake -E cmake_depends "Unix Makefiles" /home/stupid/lunabot_ws/src/lunabot /home/stupid/lunabot_ws/src/lunabot /home/stupid/lunabot_ws/build/lunabot /home/stupid/lunabot_ws/build/lunabot /home/stupid/lunabot_ws/build/lunabot/CMakeFiles/lunabot__cpp.dir/DependInfo.cmake --color=
gmake[2]: Entering directory '/home/stupid/lunabot_ws/build/lunabot'
cd /home/stupid/lunabot_ws/build/lunabot && /usr/bin/cmake -E cmake_depends "Unix Makefiles" /home/stupid/lunabot_ws/src/lunabot /home/stupid/lunabot_ws/src/lunabot /home/stupid/lunabot_ws/build/lunabot /home/stupid/lunabot_ws/build/lunabot /home/stupid/lunabot_ws/build/lunabot/CMakeFiles/ament_cmake_python_symlink_lunabot.dir/DependInfo.cmake --color=
gmake[2]: Entering directory '/home/stupid/lunabot_ws/build/lunabot'
cd /home/stupid/lunabot_ws/build/lunabot && /usr/bin/cmake -E cmake_depends "Unix Makefiles" /home/stupid/lunabot_ws/src/lunabot /home/stupid/lunabot_ws/src/lunabot /home/stupid/lunabot_ws/build/lunabot /home/stupid/lunabot_ws/build/lunabot /home/stupid/lunabot_ws/build/lunabot/CMakeFiles/lunabot__rosidl_generator_c.dir/DependInfo.cmake --color=
gmake[2]: Leaving directory '/home/stupid/lunabot_ws/build/lunabot'
gmake[2]: Leaving directory '/home/stupid/lunabot_ws/build/lunabot'
/usr/bin/gmake  -f CMakeFiles/lunabot__cpp.dir/build.make CMakeFiles/lunabot__cpp.dir/build
gmake[2]: Leaving directory '/home/stupid/lunabot_ws/build/lunabot'
/usr/bin/gmake  -f CMakeFiles/lunabot__rosidl_generator_c.dir/build.make CMakeFiles/lunabot__rosidl_generator_c.dir/build
/usr/bin/gmake  -f CMakeFiles/ament_cmake_python_symlink_lunabot.dir/build.make CMakeFiles/ament_cmake_python_symlink_lunabot.dir/build
gmake[2]: Entering directory '/home/stupid/lunabot_ws/build/lunabot'
/usr/bin/cmake -E create_symlink /home/stupid/lunabot_ws/build/lunabot/rosidl_generator_py/lunabot /home/stupid/lunabot_ws/build/lunabot/ament_cmake_python/lunabot/lunabot
gmake[2]: Entering directory '/home/stupid/lunabot_ws/build/lunabot'
gmake[2]: Nothing to be done for 'CMakeFiles/lunabot__cpp.dir/build'.
gmake[2]: Leaving directory '/home/stupid/lunabot_ws/build/lunabot'
gmake[2]: Entering directory '/home/stupid/lunabot_ws/build/lunabot'
gmake[2]: Nothing to be done for 'CMakeFiles/lunabot__rosidl_generator_c.dir/build'.
gmake[2]: Leaving directory '/home/stupid/lunabot_ws/build/lunabot'
[  6%] Built target lunabot__cpp
[ 12%] Built target lunabot__rosidl_generator_c
gmake[2]: Leaving directory '/home/stupid/lunabot_ws/build/lunabot'
/usr/bin/gmake  -f CMakeFiles/lunabot__rosidl_typesupport_cpp.dir/build.make CMakeFiles/lunabot__rosidl_typesupport_cpp.dir/depend
/usr/bin/gmake  -f CMakeFiles/lunabot__rosidl_typesupport_fastrtps_c.dir/build.make CMakeFiles/lunabot__rosidl_typesupport_fastrtps_c.dir/depend
/usr/bin/gmake  -f CMakeFiles/lunabot__rosidl_typesupport_fastrtps_cpp.dir/build.make CMakeFiles/lunabot__rosidl_typesupport_fastrtps_cpp.dir/depend
/usr/bin/gmake  -f CMakeFiles/lunabot__rosidl_typesupport_introspection_c.dir/build.make CMakeFiles/lunabot__rosidl_typesupport_introspection_c.dir/depend
/usr/bin/gmake  -f CMakeFiles/lunabot__rosidl_typesupport_c.dir/build.make CMakeFiles/lunabot__rosidl_typesupport_c.dir/depend
/usr/bin/gmake  -f CMakeFiles/lunabot__rosidl_typesupport_introspection_cpp.dir/build.make CMakeFiles/lunabot__rosidl_typesupport_introspection_cpp.dir/depend
gmake[2]: Entering directory '/home/stupid/lunabot_ws/build/lunabot'
gmake[2]: Entering directory '/home/stupid/lunabot_ws/build/lunabot'
cd /home/stupid/lunabot_ws/build/lunabot && /usr/bin/cmake -E cmake_depends "Unix Makefiles" /home/stupid/lunabot_ws/src/lunabot /home/stupid/lunabot_ws/src/lunabot /home/stupid/lunabot_ws/build/lunabot /home/stupid/lunabot_ws/build/lunabot /home/stupid/lunabot_ws/build/lunabot/CMakeFiles/lunabot__rosidl_typesupport_cpp.dir/DependInfo.cmake --color=
cd /home/stupid/lunabot_ws/build/lunabot && /usr/bin/cmake -E cmake_depends "Unix Makefiles" /home/stupid/lunabot_ws/src/lunabot /home/stupid/lunabot_ws/src/lunabot /home/stupid/lunabot_ws/build/lunabot /home/stupid/lunabot_ws/build/lunabot /home/stupid/lunabot_ws/build/lunabot/CMakeFiles/lunabot__rosidl_typesupport_c.dir/DependInfo.cmake --color=
gmake[2]: Entering directory '/home/stupid/lunabot_ws/build/lunabot'
cd /home/stupid/lunabot_ws/build/lunabot && /usr/bin/cmake -E cmake_depends "Unix Makefiles" /home/stupid/lunabot_ws/src/lunabot /home/stupid/lunabot_ws/src/lunabot /home/stupid/lunabot_ws/build/lunabot /home/stupid/lunabot_ws/build/lunabot /home/stupid/lunabot_ws/build/lunabot/CMakeFiles/lunabot__rosidl_typesupport_introspection_c.dir/DependInfo.cmake --color=
gmake[2]: Entering directory '/home/stupid/lunabot_ws/build/lunabot'
cd /home/stupid/lunabot_ws/build/lunabot && /usr/bin/cmake -E cmake_depends "Unix Makefiles" /home/stupid/lunabot_ws/src/lunabot /home/stupid/lunabot_ws/src/lunabot /home/stupid/lunabot_ws/build/lunabot /home/stupid/lunabot_ws/build/lunabot /home/stupid/lunabot_ws/build/lunabot/CMakeFiles/lunabot__rosidl_typesupport_fastrtps_c.dir/DependInfo.cmake --color=
gmake[2]: Entering directory '/home/stupid/lunabot_ws/build/lunabot'
cd /home/stupid/lunabot_ws/build/lunabot && /usr/bin/cmake -E cmake_depends "Unix Makefiles" /home/stupid/lunabot_ws/src/lunabot /home/stupid/lunabot_ws/src/lunabot /home/stupid/lunabot_ws/build/lunabot /home/stupid/lunabot_ws/build/lunabot /home/stupid/lunabot_ws/build/lunabot/CMakeFiles/lunabot__rosidl_typesupport_introspection_cpp.dir/DependInfo.cmake --color=
gmake[2]: Entering directory '/home/stupid/lunabot_ws/build/lunabot'
cd /home/stupid/lunabot_ws/build/lunabot && /usr/bin/cmake -E cmake_depends "Unix Makefiles" /home/stupid/lunabot_ws/src/lunabot /home/stupid/lunabot_ws/src/lunabot /home/stupid/lunabot_ws/build/lunabot /home/stupid/lunabot_ws/build/lunabot /home/stupid/lunabot_ws/build/lunabot/CMakeFiles/lunabot__rosidl_typesupport_fastrtps_cpp.dir/DependInfo.cmake --color=
[ 12%] Built target ament_cmake_python_symlink_lunabot
/usr/bin/gmake  -f CMakeFiles/ament_cmake_python_build_lunabot_egg.dir/build.make CMakeFiles/ament_cmake_python_build_lunabot_egg.dir/depend
gmake[2]: Entering directory '/home/stupid/lunabot_ws/build/lunabot'
cd /home/stupid/lunabot_ws/build/lunabot && /usr/bin/cmake -E cmake_depends "Unix Makefiles" /home/stupid/lunabot_ws/src/lunabot /home/stupid/lunabot_ws/src/lunabot /home/stupid/lunabot_ws/build/lunabot /home/stupid/lunabot_ws/build/lunabot /home/stupid/lunabot_ws/build/lunabot/CMakeFiles/ament_cmake_python_build_lunabot_egg.dir/DependInfo.cmake --color=
gmake[2]: Leaving directory '/home/stupid/lunabot_ws/build/lunabot'
gmake[2]: Leaving directory '/home/stupid/lunabot_ws/build/lunabot'
/usr/bin/gmake  -f CMakeFiles/lunabot__rosidl_typesupport_cpp.dir/build.make CMakeFiles/lunabot__rosidl_typesupport_cpp.dir/build
/usr/bin/gmake  -f CMakeFiles/lunabot__rosidl_typesupport_fastrtps_c.dir/build.make CMakeFiles/lunabot__rosidl_typesupport_fastrtps_c.dir/build
gmake[2]: Leaving directory '/home/stupid/lunabot_ws/build/lunabot'
/usr/bin/gmake  -f CMakeFiles/lunabot__rosidl_typesupport_c.dir/build.make CMakeFiles/lunabot__rosidl_typesupport_c.dir/build
gmake[2]: Leaving directory '/home/stupid/lunabot_ws/build/lunabot'
/usr/bin/gmake  -f CMakeFiles/lunabot__rosidl_typesupport_introspection_cpp.dir/build.make CMakeFiles/lunabot__rosidl_typesupport_introspection_cpp.dir/build
gmake[2]: Leaving directory '/home/stupid/lunabot_ws/build/lunabot'
gmake[2]: Leaving directory '/home/stupid/lunabot_ws/build/lunabot'
/usr/bin/gmake  -f CMakeFiles/lunabot__rosidl_typesupport_introspection_c.dir/build.make CMakeFiles/lunabot__rosidl_typesupport_introspection_c.dir/build
/usr/bin/gmake  -f CMakeFiles/lunabot__rosidl_typesupport_fastrtps_cpp.dir/build.make CMakeFiles/lunabot__rosidl_typesupport_fastrtps_cpp.dir/build
gmake[2]: Entering directory '/home/stupid/lunabot_ws/build/lunabot'
gmake[2]: Nothing to be done for 'CMakeFiles/lunabot__rosidl_typesupport_c.dir/build'.
gmake[2]: Leaving directory '/home/stupid/lunabot_ws/build/lunabot'
gmake[2]: Entering directory '/home/stupid/lunabot_ws/build/lunabot'
gmake[2]: Nothing to be done for 'CMakeFiles/lunabot__rosidl_typesupport_cpp.dir/build'.
gmake[2]: Leaving directory '/home/stupid/lunabot_ws/build/lunabot'
gmake[2]: Entering directory '/home/stupid/lunabot_ws/build/lunabot'
gmake[2]: Entering directory '/home/stupid/lunabot_ws/build/lunabot'
gmake[2]: Nothing to be done for 'CMakeFiles/lunabot__rosidl_typesupport_fastrtps_c.dir/build'.
gmake[2]: Nothing to be done for 'CMakeFiles/lunabot__rosidl_typesupport_introspection_c.dir/build'.
gmake[2]: Leaving directory '/home/stupid/lunabot_ws/build/lunabot'
gmake[2]: Leaving directory '/home/stupid/lunabot_ws/build/lunabot'
gmake[2]: Entering directory '/home/stupid/lunabot_ws/build/lunabot'
gmake[2]: Nothing to be done for 'CMakeFiles/lunabot__rosidl_typesupport_introspection_cpp.dir/build'.
gmake[2]: Leaving directory '/home/stupid/lunabot_ws/build/lunabot'
gmake[2]: Entering directory '/home/stupid/lunabot_ws/build/lunabot'
gmake[2]: Nothing to be done for 'CMakeFiles/lunabot__rosidl_typesupport_fastrtps_cpp.dir/build'.
gmake[2]: Leaving directory '/home/stupid/lunabot_ws/build/lunabot'
gmake[2]: Leaving directory '/home/stupid/lunabot_ws/build/lunabot'
/usr/bin/gmake  -f CMakeFiles/ament_cmake_python_build_lunabot_egg.dir/build.make CMakeFiles/ament_cmake_python_build_lunabot_egg.dir/build
gmake[2]: Entering directory '/home/stupid/lunabot_ws/build/lunabot'
cd /home/stupid/lunabot_ws/build/lunabot/ament_cmake_python/lunabot && /usr/bin/python3 setup.py egg_info
[ 57%] Built target lunabot__rosidl_typesupport_cpp
[ 57%] Built target lunabot__rosidl_typesupport_introspection_cpp
[ 57%] Built target lunabot__rosidl_typesupport_fastrtps_c
[ 57%] Built target lunabot__rosidl_typesupport_c
[ 65%] Built target lunabot__rosidl_typesupport_fastrtps_cpp
[ 76%] Built target lunabot__rosidl_typesupport_introspection_c
/usr/bin/gmake  -f CMakeFiles/lunabot.dir/build.make CMakeFiles/lunabot.dir/depend
gmake[2]: Entering directory '/home/stupid/lunabot_ws/build/lunabot'
cd /home/stupid/lunabot_ws/build/lunabot && /usr/bin/cmake -E cmake_depends "Unix Makefiles" /home/stupid/lunabot_ws/src/lunabot /home/stupid/lunabot_ws/src/lunabot /home/stupid/lunabot_ws/build/lunabot /home/stupid/lunabot_ws/build/lunabot /home/stupid/lunabot_ws/build/lunabot/CMakeFiles/lunabot.dir/DependInfo.cmake --color=
gmake[2]: Leaving directory '/home/stupid/lunabot_ws/build/lunabot'
/usr/bin/gmake  -f CMakeFiles/lunabot.dir/build.make CMakeFiles/lunabot.dir/build
gmake[2]: Entering directory '/home/stupid/lunabot_ws/build/lunabot'
gmake[2]: Nothing to be done for 'CMakeFiles/lunabot.dir/build'.
gmake[2]: Leaving directory '/home/stupid/lunabot_ws/build/lunabot'
[ 76%] Built target lunabot
/usr/bin/gmake  -f lunabot__py/CMakeFiles/lunabot__py.dir/build.make lunabot__py/CMakeFiles/lunabot__py.dir/depend
gmake[2]: Entering directory '/home/stupid/lunabot_ws/build/lunabot'
cd /home/stupid/lunabot_ws/build/lunabot && /usr/bin/cmake -E cmake_depends "Unix Makefiles" /home/stupid/lunabot_ws/src/lunabot /home/stupid/lunabot_ws/build/lunabot/lunabot__py /home/stupid/lunabot_ws/build/lunabot /home/stupid/lunabot_ws/build/lunabot/lunabot__py /home/stupid/lunabot_ws/build/lunabot/lunabot__py/CMakeFiles/lunabot__py.dir/DependInfo.cmake --color=
gmake[2]: Leaving directory '/home/stupid/lunabot_ws/build/lunabot'
/usr/bin/gmake  -f lunabot__py/CMakeFiles/lunabot__py.dir/build.make lunabot__py/CMakeFiles/lunabot__py.dir/build
gmake[2]: Entering directory '/home/stupid/lunabot_ws/build/lunabot'
gmake[2]: Nothing to be done for 'lunabot__py/CMakeFiles/lunabot__py.dir/build'.
gmake[2]: Leaving directory '/home/stupid/lunabot_ws/build/lunabot'
[ 78%] Built target lunabot__py
/usr/bin/gmake  -f CMakeFiles/lunabot__rosidl_generator_py.dir/build.make CMakeFiles/lunabot__rosidl_generator_py.dir/depend
gmake[2]: Entering directory '/home/stupid/lunabot_ws/build/lunabot'
cd /home/stupid/lunabot_ws/build/lunabot && /usr/bin/cmake -E cmake_depends "Unix Makefiles" /home/stupid/lunabot_ws/src/lunabot /home/stupid/lunabot_ws/src/lunabot /home/stupid/lunabot_ws/build/lunabot /home/stupid/lunabot_ws/build/lunabot /home/stupid/lunabot_ws/build/lunabot/CMakeFiles/lunabot__rosidl_generator_py.dir/DependInfo.cmake --color=
gmake[2]: Leaving directory '/home/stupid/lunabot_ws/build/lunabot'
/usr/bin/gmake  -f CMakeFiles/lunabot__rosidl_generator_py.dir/build.make CMakeFiles/lunabot__rosidl_generator_py.dir/build
gmake[2]: Entering directory '/home/stupid/lunabot_ws/build/lunabot'
gmake[2]: Nothing to be done for 'CMakeFiles/lunabot__rosidl_generator_py.dir/build'.
gmake[2]: Leaving directory '/home/stupid/lunabot_ws/build/lunabot'
[ 87%] Built target lunabot__rosidl_generator_py
/usr/bin/gmake  -f CMakeFiles/lunabot__rosidl_typesupport_fastrtps_c__pyext.dir/build.make CMakeFiles/lunabot__rosidl_typesupport_fastrtps_c__pyext.dir/depend
/usr/bin/gmake  -f CMakeFiles/lunabot__rosidl_typesupport_introspection_c__pyext.dir/build.make CMakeFiles/lunabot__rosidl_typesupport_introspection_c__pyext.dir/depend
/usr/bin/gmake  -f CMakeFiles/lunabot__rosidl_typesupport_c__pyext.dir/build.make CMakeFiles/lunabot__rosidl_typesupport_c__pyext.dir/depend
gmake[2]: Entering directory '/home/stupid/lunabot_ws/build/lunabot'
cd /home/stupid/lunabot_ws/build/lunabot && /usr/bin/cmake -E cmake_depends "Unix Makefiles" /home/stupid/lunabot_ws/src/lunabot /home/stupid/lunabot_ws/src/lunabot /home/stupid/lunabot_ws/build/lunabot /home/stupid/lunabot_ws/build/lunabot /home/stupid/lunabot_ws/build/lunabot/CMakeFiles/lunabot__rosidl_typesupport_fastrtps_c__pyext.dir/DependInfo.cmake --color=
gmake[2]: Entering directory '/home/stupid/lunabot_ws/build/lunabot'
cd /home/stupid/lunabot_ws/build/lunabot && /usr/bin/cmake -E cmake_depends "Unix Makefiles" /home/stupid/lunabot_ws/src/lunabot /home/stupid/lunabot_ws/src/lunabot /home/stupid/lunabot_ws/build/lunabot /home/stupid/lunabot_ws/build/lunabot /home/stupid/lunabot_ws/build/lunabot/CMakeFiles/lunabot__rosidl_typesupport_introspection_c__pyext.dir/DependInfo.cmake --color=
gmake[2]: Entering directory '/home/stupid/lunabot_ws/build/lunabot'
cd /home/stupid/lunabot_ws/build/lunabot && /usr/bin/cmake -E cmake_depends "Unix Makefiles" /home/stupid/lunabot_ws/src/lunabot /home/stupid/lunabot_ws/src/lunabot /home/stupid/lunabot_ws/build/lunabot /home/stupid/lunabot_ws/build/lunabot /home/stupid/lunabot_ws/build/lunabot/CMakeFiles/lunabot__rosidl_typesupport_c__pyext.dir/DependInfo.cmake --color=
gmake[2]: Leaving directory '/home/stupid/lunabot_ws/build/lunabot'
gmake[2]: Leaving directory '/home/stupid/lunabot_ws/build/lunabot'
/usr/bin/gmake  -f CMakeFiles/lunabot__rosidl_typesupport_introspection_c__pyext.dir/build.make CMakeFiles/lunabot__rosidl_typesupport_introspection_c__pyext.dir/build
gmake[2]: Leaving directory '/home/stupid/lunabot_ws/build/lunabot'
/usr/bin/gmake  -f CMakeFiles/lunabot__rosidl_typesupport_c__pyext.dir/build.make CMakeFiles/lunabot__rosidl_typesupport_c__pyext.dir/build
/usr/bin/gmake  -f CMakeFiles/lunabot__rosidl_typesupport_fastrtps_c__pyext.dir/build.make CMakeFiles/lunabot__rosidl_typesupport_fastrtps_c__pyext.dir/build
gmake[2]: Entering directory '/home/stupid/lunabot_ws/build/lunabot'
gmake[2]: Entering directory '/home/stupid/lunabot_ws/build/lunabot'
gmake[2]: Entering directory '/home/stupid/lunabot_ws/build/lunabot'
gmake[2]: Nothing to be done for 'CMakeFiles/lunabot__rosidl_typesupport_c__pyext.dir/build'.
gmake[2]: Nothing to be done for 'CMakeFiles/lunabot__rosidl_typesupport_fastrtps_c__pyext.dir/build'.
gmake[2]: Nothing to be done for 'CMakeFiles/lunabot__rosidl_typesupport_introspection_c__pyext.dir/build'.
gmake[2]: Leaving directory '/home/stupid/lunabot_ws/build/lunabot'
gmake[2]: Leaving directory '/home/stupid/lunabot_ws/build/lunabot'
gmake[2]: Leaving directory '/home/stupid/lunabot_ws/build/lunabot'
[100%] Built target lunabot__rosidl_typesupport_fastrtps_c__pyext
[100%] Built target lunabot__rosidl_typesupport_introspection_c__pyext
[100%] Built target lunabot__rosidl_typesupport_c__pyext
running egg_info
writing lunabot.egg-info/PKG-INFO
writing dependency_links to lunabot.egg-info/dependency_links.txt
writing top-level names to lunabot.egg-info/top_level.txt
reading manifest file 'lunabot.egg-info/SOURCES.txt'
writing manifest file 'lunabot.egg-info/SOURCES.txt'
gmake[2]: Leaving directory '/home/stupid/lunabot_ws/build/lunabot'
[100%] Built target ament_cmake_python_build_lunabot_egg
gmake[1]: Leaving directory '/home/stupid/lunabot_ws/build/lunabot'
/usr/bin/cmake -E cmake_progress_start /home/stupid/lunabot_ws/build/lunabot/CMakeFiles 0
-- Install configuration: ""
-- Execute custom install script
-- Up-to-date symlink: /home/stupid/lunabot_ws/install/lunabot/share/ament_index/resource_index/rosidl_interfaces/lunabot
-- Up-to-date symlink: /home/stupid/lunabot_ws/install/lunabot/include/lunabot/lunabot/action/detail/excavation__functions.h
-- Up-to-date symlink: /home/stupid/lunabot_ws/install/lunabot/include/lunabot/lunabot/action/detail/excavation__struct.h
-- Up-to-date symlink: /home/stupid/lunabot_ws/install/lunabot/include/lunabot/lunabot/action/detail/excavation__type_support.h
-- Up-to-date symlink: /home/stupid/lunabot_ws/install/lunabot/include/lunabot/lunabot/action/detail/localization__functions.h
-- Up-to-date symlink: /home/stupid/lunabot_ws/install/lunabot/include/lunabot/lunabot/action/detail/localization__struct.h
-- Up-to-date symlink: /home/stupid/lunabot_ws/install/lunabot/include/lunabot/lunabot/action/detail/localization__type_support.h
-- Up-to-date symlink: /home/stupid/lunabot_ws/install/lunabot/include/lunabot/lunabot/action/excavation.h
-- Up-to-date symlink: /home/stupid/lunabot_ws/install/lunabot/include/lunabot/lunabot/action/localization.h
-- Up-to-date symlink: /home/stupid/lunabot_ws/install/lunabot/include/lunabot/lunabot/msg/detail/duty_cycle_output__functions.h
-- Up-to-date symlink: /home/stupid/lunabot_ws/install/lunabot/include/lunabot/lunabot/msg/detail/duty_cycle_output__struct.h
-- Up-to-date symlink: /home/stupid/lunabot_ws/install/lunabot/include/lunabot/lunabot/msg/detail/duty_cycle_output__type_support.h
-- Up-to-date symlink: /home/stupid/lunabot_ws/install/lunabot/include/lunabot/lunabot/msg/duty_cycle_output.h
-- Up-to-date symlink: /home/stupid/lunabot_ws/install/lunabot/include/lunabot/lunabot/msg/rosidl_generator_c__visibility_control.h
-- Up-to-date symlink: /home/stupid/lunabot_ws/install/lunabot/share/lunabot/environment/library_path.sh
-- Up-to-date symlink: /home/stupid/lunabot_ws/install/lunabot/share/lunabot/environment/library_path.dsv
-- Up-to-date symlink: /home/stupid/lunabot_ws/install/lunabot/include/lunabot/lunabot/action/detail/excavation__rosidl_typesupport_fastrtps_c.h
-- Up-to-date symlink: /home/stupid/lunabot_ws/install/lunabot/include/lunabot/lunabot/action/detail/localization__rosidl_typesupport_fastrtps_c.h
-- Up-to-date symlink: /home/stupid/lunabot_ws/install/lunabot/include/lunabot/lunabot/msg/detail/duty_cycle_output__rosidl_typesupport_fastrtps_c.h
-- Up-to-date symlink: /home/stupid/lunabot_ws/install/lunabot/include/lunabot/lunabot/msg/rosidl_typesupport_fastrtps_c__visibility_control.h
-- Up-to-date symlink: /home/stupid/lunabot_ws/install/lunabot/include/lunabot/lunabot/action/detail/excavation__builder.hpp
-- Up-to-date symlink: /home/stupid/lunabot_ws/install/lunabot/include/lunabot/lunabot/action/detail/excavation__struct.hpp
-- Up-to-date symlink: /home/stupid/lunabot_ws/install/lunabot/include/lunabot/lunabot/action/detail/excavation__traits.hpp
-- Up-to-date symlink: /home/stupid/lunabot_ws/install/lunabot/include/lunabot/lunabot/action/detail/excavation__type_support.hpp
-- Up-to-date symlink: /home/stupid/lunabot_ws/install/lunabot/include/lunabot/lunabot/action/detail/localization__builder.hpp
-- Up-to-date symlink: /home/stupid/lunabot_ws/install/lunabot/include/lunabot/lunabot/action/detail/localization__struct.hpp
-- Up-to-date symlink: /home/stupid/lunabot_ws/install/lunabot/include/lunabot/lunabot/action/detail/localization__traits.hpp
-- Up-to-date symlink: /home/stupid/lunabot_ws/install/lunabot/include/lunabot/lunabot/action/detail/localization__type_support.hpp
-- Up-to-date symlink: /home/stupid/lunabot_ws/install/lunabot/include/lunabot/lunabot/action/excavation.hpp
-- Up-to-date symlink: /home/stupid/lunabot_ws/install/lunabot/include/lunabot/lunabot/action/localization.hpp
-- Up-to-date symlink: /home/stupid/lunabot_ws/install/lunabot/include/lunabot/lunabot/msg/detail/duty_cycle_output__builder.hpp
-- Up-to-date symlink: /home/stupid/lunabot_ws/install/lunabot/include/lunabot/lunabot/msg/detail/duty_cycle_output__struct.hpp
-- Up-to-date symlink: /home/stupid/lunabot_ws/install/lunabot/include/lunabot/lunabot/msg/detail/duty_cycle_output__traits.hpp
-- Up-to-date symlink: /home/stupid/lunabot_ws/install/lunabot/include/lunabot/lunabot/msg/detail/duty_cycle_output__type_support.hpp
-- Up-to-date symlink: /home/stupid/lunabot_ws/install/lunabot/include/lunabot/lunabot/msg/duty_cycle_output.hpp
-- Up-to-date symlink: /home/stupid/lunabot_ws/install/lunabot/include/lunabot/lunabot/msg/rosidl_generator_cpp__visibility_control.hpp
-- Up-to-date symlink: /home/stupid/lunabot_ws/install/lunabot/include/lunabot/lunabot/action/detail/excavation__rosidl_typesupport_fastrtps_cpp.hpp
-- Up-to-date symlink: /home/stupid/lunabot_ws/install/lunabot/include/lunabot/lunabot/action/detail/localization__rosidl_typesupport_fastrtps_cpp.hpp
-- Up-to-date symlink: /home/stupid/lunabot_ws/install/lunabot/include/lunabot/lunabot/msg/detail/duty_cycle_output__rosidl_typesupport_fastrtps_cpp.hpp
-- Up-to-date symlink: /home/stupid/lunabot_ws/install/lunabot/include/lunabot/lunabot/msg/rosidl_typesupport_fastrtps_cpp__visibility_control.h
-- Up-to-date symlink: /home/stupid/lunabot_ws/install/lunabot/include/lunabot/lunabot/action/detail/excavation__rosidl_typesupport_introspection_c.h
-- Up-to-date symlink: /home/stupid/lunabot_ws/install/lunabot/include/lunabot/lunabot/action/detail/localization__rosidl_typesupport_introspection_c.h
-- Up-to-date symlink: /home/stupid/lunabot_ws/install/lunabot/include/lunabot/lunabot/msg/detail/duty_cycle_output__rosidl_typesupport_introspection_c.h
-- Up-to-date symlink: /home/stupid/lunabot_ws/install/lunabot/include/lunabot/lunabot/msg/rosidl_typesupport_introspection_c__visibility_control.h
-- Up-to-date symlink: /home/stupid/lunabot_ws/install/lunabot/include/lunabot/lunabot/action/detail/excavation__rosidl_typesupport_introspection_cpp.hpp
-- Up-to-date symlink: /home/stupid/lunabot_ws/install/lunabot/include/lunabot/lunabot/action/detail/localization__rosidl_typesupport_introspection_cpp.hpp
-- Up-to-date symlink: /home/stupid/lunabot_ws/install/lunabot/include/lunabot/lunabot/msg/detail/duty_cycle_output__rosidl_typesupport_introspection_cpp.hpp
-- Up-to-date symlink: /home/stupid/lunabot_ws/install/lunabot/share/lunabot/environment/pythonpath.sh
-- Up-to-date symlink: /home/stupid/lunabot_ws/install/lunabot/share/lunabot/environment/pythonpath.dsv
-- Up-to-date symlink: /home/stupid/lunabot_ws/install/lunabot/local/lib/python3.10/dist-packages/lunabot-0.1.0-py3.10.egg-info/PKG-INFO
-- Up-to-date symlink: /home/stupid/lunabot_ws/install/lunabot/local/lib/python3.10/dist-packages/lunabot-0.1.0-py3.10.egg-info/SOURCES.txt
-- Up-to-date symlink: /home/stupid/lunabot_ws/install/lunabot/local/lib/python3.10/dist-packages/lunabot-0.1.0-py3.10.egg-info/dependency_links.txt
-- Up-to-date symlink: /home/stupid/lunabot_ws/install/lunabot/local/lib/python3.10/dist-packages/lunabot-0.1.0-py3.10.egg-info/top_level.txt
-- Up-to-date symlink: /home/stupid/lunabot_ws/install/lunabot/local/lib/python3.10/dist-packages/lunabot/__init__.py
-- Up-to-date symlink: /home/stupid/lunabot_ws/install/lunabot/local/lib/python3.10/dist-packages/lunabot/_lunabot_s.ep.rosidl_typesupport_c.c
-- Up-to-date symlink: /home/stupid/lunabot_ws/install/lunabot/local/lib/python3.10/dist-packages/lunabot/_lunabot_s.ep.rosidl_typesupport_fastrtps_c.c
-- Up-to-date symlink: /home/stupid/lunabot_ws/install/lunabot/local/lib/python3.10/dist-packages/lunabot/_lunabot_s.ep.rosidl_typesupport_introspection_c.c
-- Up-to-date symlink: /home/stupid/lunabot_ws/install/lunabot/local/lib/python3.10/dist-packages/lunabot/action/__init__.py
-- Up-to-date symlink: /home/stupid/lunabot_ws/install/lunabot/local/lib/python3.10/dist-packages/lunabot/action/_excavation.py
-- Up-to-date symlink: /home/stupid/lunabot_ws/install/lunabot/local/lib/python3.10/dist-packages/lunabot/action/_excavation_s.c
-- Up-to-date symlink: /home/stupid/lunabot_ws/install/lunabot/local/lib/python3.10/dist-packages/lunabot/action/_localization.py
-- Up-to-date symlink: /home/stupid/lunabot_ws/install/lunabot/local/lib/python3.10/dist-packages/lunabot/action/_localization_s.c
-- Up-to-date symlink: /home/stupid/lunabot_ws/install/lunabot/local/lib/python3.10/dist-packages/lunabot/liblunabot__rosidl_generator_py.so
-- Up-to-date symlink: /home/stupid/lunabot_ws/install/lunabot/local/lib/python3.10/dist-packages/lunabot/lunabot_s__rosidl_typesupport_c.cpython-310-x86_64-linux-gnu.so
-- Up-to-date symlink: /home/stupid/lunabot_ws/install/lunabot/local/lib/python3.10/dist-packages/lunabot/lunabot_s__rosidl_typesupport_fastrtps_c.cpython-310-x86_64-linux-gnu.so
-- Up-to-date symlink: /home/stupid/lunabot_ws/install/lunabot/local/lib/python3.10/dist-packages/lunabot/lunabot_s__rosidl_typesupport_introspection_c.cpython-310-x86_64-linux-gnu.so
-- Up-to-date symlink: /home/stupid/lunabot_ws/install/lunabot/local/lib/python3.10/dist-packages/lunabot/msg/__init__.py
-- Up-to-date symlink: /home/stupid/lunabot_ws/install/lunabot/local/lib/python3.10/dist-packages/lunabot/msg/_duty_cycle_output.py
-- Up-to-date symlink: /home/stupid/lunabot_ws/install/lunabot/local/lib/python3.10/dist-packages/lunabot/msg/_duty_cycle_output_s.c
-- Up-to-date symlink: /home/stupid/lunabot_ws/install/lunabot/local/lib/python3.10/dist-packages/lunabot/lunabot_s__rosidl_typesupport_fastrtps_c.cpython-310-x86_64-linux-gnu.so
-- Up-to-date symlink: /home/stupid/lunabot_ws/install/lunabot/local/lib/python3.10/dist-packages/lunabot/lunabot_s__rosidl_typesupport_introspection_c.cpython-310-x86_64-linux-gnu.so
-- Up-to-date symlink: /home/stupid/lunabot_ws/install/lunabot/local/lib/python3.10/dist-packages/lunabot/lunabot_s__rosidl_typesupport_c.cpython-310-x86_64-linux-gnu.so
-- Up-to-date symlink: /home/stupid/lunabot_ws/install/lunabot/share/lunabot/msg/DutyCycleOutput.idl
-- Up-to-date symlink: /home/stupid/lunabot_ws/install/lunabot/share/lunabot/action/Localization.idl
-- Up-to-date symlink: /home/stupid/lunabot_ws/install/lunabot/share/lunabot/action/Excavation.idl
-- Up-to-date symlink: /home/stupid/lunabot_ws/install/lunabot/share/lunabot/msg/DutyCycleOutput.msg
-- Up-to-date symlink: /home/stupid/lunabot_ws/install/lunabot/share/lunabot/action/Localization.action
-- Up-to-date symlink: /home/stupid/lunabot_ws/install/lunabot/share/lunabot/action/Excavation.action
-- Up-to-date symlink: /home/stupid/lunabot_ws/install/lunabot/lib/lunabot/canable_start.sh
-- Up-to-date symlink: /home/stupid/lunabot_ws/install/lunabot/lib/lunabot/excavation_server.py
-- Up-to-date symlink: /home/stupid/lunabot_ws/install/lunabot/lib/lunabot/localization_server.py
-- Up-to-date symlink: /home/stupid/lunabot_ws/install/lunabot/lib/lunabot/navagation_client.py
-- Up-to-date symlink: /home/stupid/lunabot_ws/install/lunabot/lib/lunabot/testcontrol.py
-- Up-to-date symlink: /home/stupid/lunabot_ws/install/lunabot/share/ament_index/resource_index/package_run_dependencies/lunabot
-- Up-to-date symlink: /home/stupid/lunabot_ws/install/lunabot/share/ament_index/resource_index/parent_prefix_path/lunabot
-- Up-to-date symlink: /home/stupid/lunabot_ws/install/lunabot/share/lunabot/environment/ament_prefix_path.sh
-- Up-to-date symlink: /home/stupid/lunabot_ws/install/lunabot/share/lunabot/environment/ament_prefix_path.dsv
-- Up-to-date symlink: /home/stupid/lunabot_ws/install/lunabot/share/lunabot/environment/path.sh
-- Up-to-date symlink: /home/stupid/lunabot_ws/install/lunabot/share/lunabot/environment/path.dsv
-- Up-to-date symlink: /home/stupid/lunabot_ws/install/lunabot/share/lunabot/local_setup.bash
-- Up-to-date symlink: /home/stupid/lunabot_ws/install/lunabot/share/lunabot/local_setup.sh
-- Up-to-date symlink: /home/stupid/lunabot_ws/install/lunabot/share/lunabot/local_setup.zsh
-- Up-to-date symlink: /home/stupid/lunabot_ws/install/lunabot/share/lunabot/local_setup.dsv
-- Symlinking: /home/stupid/lunabot_ws/install/lunabot/share/lunabot/package.dsv
-- Up-to-date symlink: /home/stupid/lunabot_ws/install/lunabot/share/ament_index/resource_index/packages/lunabot
-- Up-to-date symlink: /home/stupid/lunabot_ws/install/lunabot/share/lunabot/cmake/rosidl_cmake-extras.cmake
-- Up-to-date symlink: /home/stupid/lunabot_ws/install/lunabot/share/lunabot/cmake/ament_cmake_export_dependencies-extras.cmake
-- Up-to-date symlink: /home/stupid/lunabot_ws/install/lunabot/share/lunabot/cmake/ament_cmake_export_include_directories-extras.cmake
-- Up-to-date symlink: /home/stupid/lunabot_ws/install/lunabot/share/lunabot/cmake/ament_cmake_export_libraries-extras.cmake
-- Up-to-date symlink: /home/stupid/lunabot_ws/install/lunabot/share/lunabot/cmake/ament_cmake_export_targets-extras.cmake
-- Up-to-date symlink: /home/stupid/lunabot_ws/install/lunabot/share/lunabot/cmake/rosidl_cmake_export_typesupport_targets-extras.cmake
-- Up-to-date symlink: /home/stupid/lunabot_ws/install/lunabot/share/lunabot/cmake/rosidl_cmake_export_typesupport_libraries-extras.cmake
-- Up-to-date symlink: /home/stupid/lunabot_ws/install/lunabot/share/lunabot/cmake/lunabotConfig.cmake
-- Up-to-date symlink: /home/stupid/lunabot_ws/install/lunabot/share/lunabot/cmake/lunabotConfig-version.cmake
-- Up-to-date symlink: /home/stupid/lunabot_ws/install/lunabot/share/lunabot/package.xml
-- Up-to-date: /home/stupid/lunabot_ws/install/lunabot/lib/liblunabot__rosidl_generator_c.so
-- Up-to-date: /home/stupid/lunabot_ws/install/lunabot/lib/liblunabot__rosidl_typesupport_fastrtps_c.so
-- Up-to-date: /home/stupid/lunabot_ws/install/lunabot/lib/liblunabot__rosidl_typesupport_fastrtps_cpp.so
-- Up-to-date: /home/stupid/lunabot_ws/install/lunabot/lib/liblunabot__rosidl_typesupport_introspection_c.so
-- Up-to-date: /home/stupid/lunabot_ws/install/lunabot/lib/liblunabot__rosidl_typesupport_c.so
-- Up-to-date: /home/stupid/lunabot_ws/install/lunabot/lib/liblunabot__rosidl_typesupport_introspection_cpp.so
-- Up-to-date: /home/stupid/lunabot_ws/install/lunabot/lib/liblunabot__rosidl_typesupport_cpp.so
Listing '/home/stupid/lunabot_ws/install/lunabot/local/lib/python3.10/dist-packages/lunabot'...
Listing '/home/stupid/lunabot_ws/install/lunabot/local/lib/python3.10/dist-packages/lunabot/action'...
Listing '/home/stupid/lunabot_ws/install/lunabot/local/lib/python3.10/dist-packages/lunabot/msg'...
-- Up-to-date: /home/stupid/lunabot_ws/install/lunabot/lib/liblunabot__rosidl_generator_py.so
-- Up-to-date: /home/stupid/lunabot_ws/install/lunabot/share/lunabot/cmake/export_lunabot__rosidl_generator_cExport.cmake
-- Up-to-date: /home/stupid/lunabot_ws/install/lunabot/share/lunabot/cmake/export_lunabot__rosidl_generator_cExport-noconfig.cmake
-- Up-to-date: /home/stupid/lunabot_ws/install/lunabot/share/lunabot/cmake/export_lunabot__rosidl_typesupport_fastrtps_cExport.cmake
-- Up-to-date: /home/stupid/lunabot_ws/install/lunabot/share/lunabot/cmake/export_lunabot__rosidl_typesupport_fastrtps_cExport-noconfig.cmake
-- Up-to-date: /home/stupid/lunabot_ws/install/lunabot/share/lunabot/cmake/export_lunabot__rosidl_generator_cppExport.cmake
-- Up-to-date: /home/stupid/lunabot_ws/install/lunabot/share/lunabot/cmake/export_lunabot__rosidl_typesupport_fastrtps_cppExport.cmake
-- Up-to-date: /home/stupid/lunabot_ws/install/lunabot/share/lunabot/cmake/export_lunabot__rosidl_typesupport_fastrtps_cppExport-noconfig.cmake
-- Up-to-date: /home/stupid/lunabot_ws/install/lunabot/share/lunabot/cmake/lunabot__rosidl_typesupport_introspection_cExport.cmake
-- Up-to-date: /home/stupid/lunabot_ws/install/lunabot/share/lunabot/cmake/lunabot__rosidl_typesupport_introspection_cExport-noconfig.cmake
-- Up-to-date: /home/stupid/lunabot_ws/install/lunabot/share/lunabot/cmake/lunabot__rosidl_typesupport_cExport.cmake
-- Up-to-date: /home/stupid/lunabot_ws/install/lunabot/share/lunabot/cmake/lunabot__rosidl_typesupport_cExport-noconfig.cmake
-- Up-to-date: /home/stupid/lunabot_ws/install/lunabot/share/lunabot/cmake/lunabot__rosidl_typesupport_introspection_cppExport.cmake
-- Up-to-date: /home/stupid/lunabot_ws/install/lunabot/share/lunabot/cmake/lunabot__rosidl_typesupport_introspection_cppExport-noconfig.cmake
-- Up-to-date: /home/stupid/lunabot_ws/install/lunabot/share/lunabot/cmake/lunabot__rosidl_typesupport_cppExport.cmake
-- Up-to-date: /home/stupid/lunabot_ws/install/lunabot/share/lunabot/cmake/lunabot__rosidl_typesupport_cppExport-noconfig.cmake
-- Up-to-date: /home/stupid/lunabot_ws/install/lunabot/share/lunabot/cmake/export_lunabot__rosidl_generator_pyExport.cmake
-- Up-to-date: /home/stupid/lunabot_ws/install/lunabot/share/lunabot/cmake/export_lunabot__rosidl_generator_pyExport-noconfig.cmake
