[0.006s] Invoking command in '/home/stupid/lunabot_ws/build/lunabot': CMAKE_PREFIX_PATH=/opt/ros/humble:/home/stupid/lunabot_ws/install/lunabot /usr/bin/cmake /home/stupid/lunabot_ws/src/lunabot -DCMAKE_VERBOSE_MAKEFILE=ON -DCMAKE_INSTALL_PREFIX=/home/stupid/lunabot_ws/install/lunabot
[0.015s] -- Found ament_cmake: 1.3.11 (/opt/ros/humble/share/ament_cmake/cmake)
[0.090s] -- Override CMake install command with custom implementation using symlinks instead of copying resources
[0.095s] -- Found rclcpp: 16.0.11 (/opt/ros/humble/share/rclcpp/cmake)
[0.242s] -- Found rosidl_generator_c: 3.1.6 (/opt/ros/humble/share/rosidl_generator_c/cmake)
[0.243s] -- Found rosidl_adapter: 3.1.6 (/opt/ros/humble/share/rosidl_adapter/cmake)
[0.248s] -- Found rosidl_generator_cpp: 3.1.6 (/opt/ros/humble/share/rosidl_generator_cpp/cmake)
[0.254s] -- Using all available rosidl_typesupport_c: rosidl_typesupport_fastrtps_c;rosidl_typesupport_introspection_c
[0.263s] -- Using all available rosidl_typesupport_cpp: rosidl_typesupport_fastrtps_cpp;rosidl_typesupport_introspection_cpp
[0.286s] -- Found rmw_implementation_cmake: 6.1.2 (/opt/ros/humble/share/rmw_implementation_cmake/cmake)
[0.287s] -- Found rmw_fastrtps_cpp: 6.2.7 (/opt/ros/humble/share/rmw_fastrtps_cpp/cmake)
[6.427s] -- Using RMW implementation 'rmw_fastrtps_cpp' as default
[6.463s] -- Found geometry_msgs: 4.2.4 (/opt/ros/humble/share/geometry_msgs/cmake)
[6.472s] -- Found nav2_msgs: 1.1.17 (/opt/ros/humble/share/nav2_msgs/cmake)
[6.517s] -- Found rosidl_default_generators: 1.2.0 (/opt/ros/humble/share/rosidl_default_generators/cmake)
[6.522s] [31mCMake Error at /opt/ros/humble/share/rosidl_cmake/cmake/rosidl_generate_interfaces.cmake:93 (message):
[6.522s]   rosidl_generate_interfaces() the passed file 'DutyCycleOutput.msg' doesn't
[6.522s]   exist relative to the CMAKE_CURRENT_SOURCE_DIR
[6.522s]   '/home/stupid/lunabot_ws/src/lunabot'
[6.522s] Call Stack (most recent call first):
[6.522s]   CMakeLists.txt:13 (rosidl_generate_interfaces)
[6.522s] 
[6.522s] [0m
[6.522s] -- Configuring incomplete, errors occurred!
[6.522s] See also "/home/stupid/lunabot_ws/build/lunabot/CMakeFiles/CMakeOutput.log".
[6.527s] Invoked command in '/home/stupid/lunabot_ws/build/lunabot' returned '1': CMAKE_PREFIX_PATH=/opt/ros/humble:/home/stupid/lunabot_ws/install/lunabot /usr/bin/cmake /home/stupid/lunabot_ws/src/lunabot -DCMAKE_VERBOSE_MAKEFILE=ON -DCMAKE_INSTALL_PREFIX=/home/stupid/lunabot_ws/install/lunabot
